make all --print-data-base --no-builtin-variables --no-builtin-rules --question
# GNU Make 3.81
# Copyright (C) 2006  Free Software Foundation, Inc.
# This is free software; see the source for copying conditions.
# There is NO warranty; not even for MERCHANTABILITY or FITNESS FOR A
# PARTICULAR PURPOSE.

# This program built for i386-apple-darwin11.3.0

# Make data base, printed on Fri Oct 28 13:06:34 2022

# Variables

# automatic
<D = $(patsubst %/,%,$(dir $<))
# automatic
?F = $(notdir $?)
# makefile (from `Makefile', line 169)
LDSCRIPT = STM32F103C8Tx_FLASH.ld
# makefile (from `Makefile', line 73)
CPP_SOURCES = Core/Src/main.cpp Core/Src/Rtos/rtos.cpp Core/Src/Task/leddriver.cpp Core/Src/Task/mytask.cpp
# makefile (from `Makefile', line 16)
TARGET = learn103os1
# automatic
?D = $(patsubst %/,%,$(dir $?))
# makefile (from `Makefile', line 157)
CPPFLAGS = $(MCU) $(C_DEFS) $(C_INCLUDES) $(OPT) -Wall -fdata-sections -ffunction-sections --specs=nosys.specs  -fno-exceptions -fno-rtti -fno-use-cxa-atexit -fstack-usage -std=gnu++14 -g3 -g -gdwarf-2 
# makefile (from `Makefile', line 122)
AS_DEFS = 
# makefile (from `Makefile', line 131)
AS_INCLUDES = -ICore/Inc
# automatic
@D = $(patsubst %/,%,$(dir $@))
# automatic
@F = $(notdir $@)
# makefile
CURDIR := /Users/sergey/work/embedded/learn103os1
# makefile
SHELL = /bin/sh
# makefile (from `Makefile', line 103)
BIN = $(CP) -O binary -S
# environment
VSCODE_NLS_CONFIG = {"locale":"en-gb","availableLanguages":{},"_languagePackSupport":true}
# makefile (from `Makefile', line 100)
SZ = $(PREFIX)size
# environment
_ = /usr/bin/make
# makefile (from `Makefile', line 162)
CFLAGS = $(MCU) $(C_DEFS) $(C_INCLUDES) $(OPT) -Wall -fdata-sections -ffunction-sections -g -gdwarf-2 -MMD -MP -MF"$(@:%.o=%.d)"
# makefile (from `build/timers.d', line 1)
MAKEFILE_LIST :=  Makefile build/cmsis_os2.d build/croutine.d build/event_groups.d build/freertos.d build/gpio.d build/heap_4.d build/list.d build/port.d build/queue.d build/startup_stm32f103xb.d build/stm32f1xx_hal.d build/stm32f1xx_hal_cortex.d build/stm32f1xx_hal_dma.d build/stm32f1xx_hal_exti.d build/stm32f1xx_hal_flash.d build/stm32f1xx_hal_flash_ex.d build/stm32f1xx_hal_gpio.d build/stm32f1xx_hal_gpio_ex.d build/stm32f1xx_hal_msp.d build/stm32f1xx_hal_pwr.d build/stm32f1xx_hal_rcc.d build/stm32f1xx_hal_rcc_ex.d build/stm32f1xx_hal_tim.d build/stm32f1xx_hal_tim_ex.d build/stm32f1xx_hal_timebase_tim.d build/stm32f1xx_it.d build/stream_buffer.d build/system_stm32f1xx.d build/tasks.d build/timers.d
# makefile (from `Makefile', line 99)
CP = $(PREFIX)objcopy
# makefile (from `Makefile', line 23)
DEBUG = 1
# makefile (from `Makefile', line 98)
AS = $(PREFIX)gcc -x assembler-with-cpp
# environment
__CFBundleIdentifier = com.microsoft.VSCode
# makefile (from `Makefile', line 97)
CPP = $(PREFIX)g++
# environment
VSCODE_CWD = /
# environment
PATH = /Applications/MAMP/bin/php/php7.4.12/bin:/Applications/ARM/bin:/Applications/CMake.app/Contents/bin:/Users/sergey/apache-maven-3.8.4/bin:/usr/local/bin:/usr/bin:/bin:/usr/sbin:/sbin:/usr/local/share/dotnet:~/.dotnet/tools:/Library/Apple/usr/bin:/Library/Frameworks/Mono.framework/Versions/Current/Commands:/Users/sergey/development/flutter/bin
# environment
ELECTRON_RUN_AS_NODE = 1
# makefile (from `Makefile', line 175)
LDFLAGS = $(MCU)  -T$(LDSCRIPT) $(LIBDIR) $(LIBS) -Wl,-Map=$(BUILD_DIR)/$(TARGET).map,--cref -Wl,--gc-sections -static --specs=nosys.specs -Wl,--start-group -lc -lm -lstdc++ -lsupc++ -Wl,--end-group --specs=nano.specs
# default
.FEATURES := target-specific order-only second-expansion else-if archives jobserver check-symlink
# environment
SSH_AUTH_SOCK = /private/tmp/com.apple.launchd.73jKqBcSlK/Listeners
# automatic
%F = $(notdir $%)
# makefile (from `Makefile', line 70)
ASM_SOURCES = startup_stm32f103xb.s
# makefile (from `Makefile', line 25)
OPT = -Og
# environment
PWD = /Users/sergey/work/embedded/learn103os1
# environment
ORIGINAL_XDG_CURRENT_DESKTOP = undefined
# environment
VSCODE_AMD_ENTRYPOINT = vs/workbench/api/node/extensionHostProcess
# environment
HOME = /Users/sergey
# default
MAKEFILEPATH := /Applications/Xcode.app/Contents/Developer/Makefiles
# environment
VSCODE_CODE_CACHE_PATH = /Users/sergey/Library/Application Support/Code/CachedData/d045a5eda657f4d7b676dedbfa7aab8207f8a075
# environment
LOGNAME = sergey
# environment
APPLICATION_INSIGHTS_NO_DIAGNOSTIC_CHANNEL = 1
# makefile (from `Makefile', line 86)
PREFIX = arm-none-eabi-
# environment
VSCODE_HANDLES_UNCAUGHT_ERRORS = true
# automatic
^D = $(patsubst %/,%,$(dir $^))
# makefile (from `Makefile', line 125)
C_DEFS = -DUSE_HAL_DRIVER -DSTM32F103xB
# environment
XPC_FLAGS = 0x0
# default
MAKE = $(MAKE_COMMAND)
# default
MAKECMDGOALS := all
# environment
SHLVL = 1
# makefile (from `Makefile', line 102)
HEX = $(CP) -O ihex
# makefile (from `Makefile', line 96)
CC = $(PREFIX)gcc
# environment
JAVA_HOME = /Library/Java/JavaVirtualMachines/jdk1.8.0_271.jdk/Contents/Home
# makefile (from `Makefile', line 32)
BUILD_DIR = build
# makefile (from `Makefile', line 149)
ASFLAGS = $(MCU) $(AS_DEFS) $(AS_INCLUDES) $(OPT) -Wall -fdata-sections -ffunction-sections
# default
MAKE_VERSION := 3.81
# environment
USER = sergey
# makefile
.DEFAULT_GOAL := all
# automatic
%D = $(patsubst %/,%,$(dir $%))
# makefile (from `Makefile', line 109)
CPU = -mcpu=cortex-m3
# default
MAKE_COMMAND := /Applications/Xcode.app/Contents/Developer/usr/bin/make
# makefile (from `Makefile', line 173)
LIBDIR = 
# default
.VARIABLES := 
# environment
TMPDIR = /var/folders/4q/kkycwzw137n01rj1hc6hp7080000gp/T/
# automatic
*F = $(notdir $*)
# environment
VSCODE_IPC_HOOK = /Users/sergey/Library/Application Support/Code/1.72.2-main.sock
# environment
MallocNanoZone = 0
# makefile
MAKEFLAGS = Rrqp
# environment
MFLAGS = -Rrqp
# automatic
*D = $(patsubst %/,%,$(dir $*))
# environment
XPC_SERVICE_NAME = application.com.microsoft.VSCode.12920916690.12920916698
# automatic
+D = $(patsubst %/,%,$(dir $+))
# automatic
+F = $(notdir $+)
# makefile (from `Makefile', line 118)
MCU = $(CPU) -mthumb $(FPU) $(FLOAT-ABI)
# makefile (from `Makefile', line 135)
C_INCLUDES = -ICore/Inc -IDrivers/STM32F1xx_HAL_Driver/Inc/Legacy -IDrivers/STM32F1xx_HAL_Driver/Inc -IMiddlewares/Third_Party/FreeRTOS/Source/include -IMiddlewares/Third_Party/FreeRTOS/Source/CMSIS_RTOS_V2 -IMiddlewares/Third_Party/FreeRTOS/Source/portable/GCC/ARM_CM3 -IDrivers/CMSIS/Device/ST/STM32F1xx/Include -IDrivers/CMSIS/Include -ICore/Src/Task -ICore/Src/Rtos
# environment
__CF_USER_TEXT_ENCODING = 0x1F6:0x0:0x0
# environment
COMMAND_MODE = unix2003
# default
MAKEFILES := 
# automatic
<F = $(notdir $<)
# environment
LC_ALL = C
# makefile (from `Makefile', line 172)
LIBS = -lc -lm -lnosys 
# automatic
^F = $(notdir $^)
# makefile (from `Makefile', line 38)
C_SOURCES = Core/Src/gpio.c Core/Src/freertos.c Core/Src/stm32f1xx_it.c Core/Src/stm32f1xx_hal_msp.c Core/Src/stm32f1xx_hal_timebase_tim.c Drivers/STM32F1xx_HAL_Driver/Src/stm32f1xx_hal_gpio_ex.c Drivers/STM32F1xx_HAL_Driver/Src/stm32f1xx_hal.c Drivers/STM32F1xx_HAL_Driver/Src/stm32f1xx_hal_rcc.c Drivers/STM32F1xx_HAL_Driver/Src/stm32f1xx_hal_rcc_ex.c Drivers/STM32F1xx_HAL_Driver/Src/stm32f1xx_hal_gpio.c Drivers/STM32F1xx_HAL_Driver/Src/stm32f1xx_hal_dma.c Drivers/STM32F1xx_HAL_Driver/Src/stm32f1xx_hal_cortex.c Drivers/STM32F1xx_HAL_Driver/Src/stm32f1xx_hal_pwr.c Drivers/STM32F1xx_HAL_Driver/Src/stm32f1xx_hal_flash.c Drivers/STM32F1xx_HAL_Driver/Src/stm32f1xx_hal_flash_ex.c Drivers/STM32F1xx_HAL_Driver/Src/stm32f1xx_hal_exti.c Drivers/STM32F1xx_HAL_Driver/Src/stm32f1xx_hal_tim.c Drivers/STM32F1xx_HAL_Driver/Src/stm32f1xx_hal_tim_ex.c Core/Src/system_stm32f1xx.c Middlewares/Third_Party/FreeRTOS/Source/croutine.c Middlewares/Third_Party/FreeRTOS/Source/event_groups.c Middlewares/Third_Party/FreeRTOS/Source/list.c Middlewares/Third_Party/FreeRTOS/Source/queue.c Middlewares/Third_Party/FreeRTOS/Source/stream_buffer.c Middlewares/Third_Party/FreeRTOS/Source/tasks.c Middlewares/Third_Party/FreeRTOS/Source/timers.c Middlewares/Third_Party/FreeRTOS/Source/CMSIS_RTOS_V2/cmsis_os2.c Middlewares/Third_Party/FreeRTOS/Source/portable/MemMang/heap_4.c Middlewares/Third_Party/FreeRTOS/Source/portable/GCC/ARM_CM3/port.c  
# default
SUFFIXES := 
# default
 
.INCLUDE_DIRS = /usr/local/include
# environment
MAKELEVEL := 0
# makefile (from `Makefile', line 194)
OBJECTS = $(addprefix $(BUILD_DIR)/,$(notdir $(C_SOURCES:.c=.o))) $(addprefix $(BUILD_DIR)/,$(notdir $(CPP_SOURCES:.cpp=.o))) $(addprefix $(BUILD_DIR)/,$(notdir $(ASM_SOURCES:.s=.o)))
# environment
LANG = C
# environment
VSCODE_PID = 71767
# variable set hash-table stats:
# Load=88/1024=9%, Rehash=0, Collisions=3/219=1%

# Pattern-specific Variable Values

# No pattern-specific variable values.

# Directories

# Core/Src/Rtos (device 16777223, inode 12921598823): 5 files, no impossibilities.
# . (device 16777223, inode 12921593772): 13 files, no impossibilities.
# Core/Src/Task (device 16777223, inode 12921598448): 6 files, no impossibilities.
# build (device 16777223, inode 12921601595): 107 files, no impossibilities.
# Middlewares/Third_Party/FreeRTOS/Source (device 16777223, inode 12921594022): 14 files, no impossibilities.
# Middlewares/Third_Party/FreeRTOS/Source/CMSIS_RTOS_V2 (device 16777223, inode 12921594042): 6 files, no impossibilities.
# Middlewares/Third_Party/FreeRTOS/Source/portable/MemMang (device 16777223, inode 12921594061): 7 files, no impossibilities.
# Core/Src (device 16777223, inode 12921593795): 11 files, no impossibilities.
# Middlewares/Third_Party/FreeRTOS/Source/portable/GCC/ARM_CM3 (device 16777223, inode 12921594049): 4 files, no impossibilities.
# Drivers/STM32F1xx_HAL_Driver/Src (device 16777223, inode 12921593957): 63 files, no impossibilities.

# 236 files, no impossibilities in 10 directories.

# Implicit Rules

build/%.o: %.c Makefile | build
#  commands to execute (from `Makefile', line 198):
	$(CC) -c $(CFLAGS) -Wa,-a,-ad,-alms=$(BUILD_DIR)/$(notdir $(<:.c=.lst)) $< -o $@
	

build/%.o: %.cpp Makefile | build
#  commands to execute (from `Makefile', line 201):
	$(CPP) -c $(CPPFLAGS)  -Wa,-a,-ad,-alms=$(BUILD_DIR)/$(notdir $(<:.cpp=.lst)) $< -o $@
	

build/%.o: %.s Makefile | build
#  commands to execute (from `Makefile', line 204):
	$(AS) -c $(CFLAGS) $< -o $@
	

build/%.hex: build/%.elf | build
#  commands to execute (from `Makefile', line 211):
	$(HEX) $< $@
	

build/%.bin: build/%.elf | build
#  commands to execute (from `Makefile', line 214):
	$(BIN) $< $@	
	

# 5 implicit rules, 0 (0.0%) terminal.

# Files

# Not a target:
build/stm32f1xx_hal_gpio_ex.d:
#  A default, MAKEFILES, or -include/sinclude makefile.
#  Implicit rule search has been done.
#  Last modified 2022-10-28 12:47:18
#  File has been updated.
#  Successfully updated.
# variable set hash-table stats:
# Load=0/32=0%, Rehash=0, Collisions=0/0=0%

# Not a target:
exit:
#  Implicit rule search has not been done.
#  Modification time never checked.
#  File has not been updated.

# Not a target:
Core/Src/gpio.c:
#  Implicit rule search has been done.
#  Last modified 2022-10-27 21:09:22
#  File has been updated.
#  Successfully updated.
# variable set hash-table stats:
# Load=0/32=0%, Rehash=0, Collisions=0/0=0%

Middlewares/Third_Party/FreeRTOS/Source/include/FreeRTOS.h:
#  Implicit rule search has been done.
#  Last modified 2022-10-27 21:09:24
#  File has been updated.
#  Successfully updated.
# variable set hash-table stats:
# Load=0/32=0%, Rehash=0, Collisions=0/0=0%

Drivers/STM32F1xx_HAL_Driver/Inc/stm32f1xx_hal_rcc_ex.h:
#  Implicit rule search has been done.
#  Last modified 2022-10-27 21:09:24
#  File has been updated.
#  Successfully updated.
# variable set hash-table stats:
# Load=0/32=0%, Rehash=0, Collisions=0/0=0%

# Not a target:
reset":
#  Implicit rule search has not been done.
#  Modification time never checked.
#  File has not been updated.

Middlewares/Third_Party/FreeRTOS/Source/include/portable.h:
#  Implicit rule search has been done.
#  Last modified 2022-10-27 21:09:24
#  File has been updated.
#  Successfully updated.
# variable set hash-table stats:
# Load=0/32=0%, Rehash=0, Collisions=0/0=0%

Drivers/CMSIS/Device/ST/STM32F1xx/Include/stm32f103xb.h:
#  Implicit rule search has been done.
#  Last modified 2022-10-27 21:09:27
#  File has been updated.
#  Successfully updated.
# variable set hash-table stats:
# Load=0/32=0%, Rehash=0, Collisions=0/0=0%

# Not a target:
Drivers/STM32F1xx_HAL_Driver/Src/stm32f1xx_hal_gpio_ex.c:
#  Implicit rule search has been done.
#  Last modified 2022-10-27 21:09:24
#  File has been updated.
#  Successfully updated.
# variable set hash-table stats:
# Load=0/32=0%, Rehash=0, Collisions=0/0=0%

# Not a target:
build/gpio.d:
#  A default, MAKEFILES, or -include/sinclude makefile.
#  Implicit rule search has been done.
#  Last modified 2022-10-28 12:47:18
#  File has been updated.
#  Successfully updated.
# variable set hash-table stats:
# Load=0/32=0%, Rehash=0, Collisions=0/0=0%

build/learn103os1.hex: build/learn103os1.elf | build
#  Implicit rule search has been done.
#  Implicit/static pattern stem: `learn103os1'
#  Last modified 2022-10-28 12:47:31
#  File has been updated.
#  Successfully updated.
# variable set hash-table stats:
# Load=0/32=0%, Rehash=0, Collisions=0/0=0%
#  commands to execute (from `Makefile', line 211):
	$(HEX) $< $@
	

# Not a target:
Middlewares/Third_Party/FreeRTOS/Source/queue.c:
#  Implicit rule search has been done.
#  Last modified 2022-10-27 21:09:24
#  File has been updated.
#  Successfully updated.
# variable set hash-table stats:
# Load=0/32=0%, Rehash=0, Collisions=0/0=0%

# Not a target:
build/stm32f1xx_hal_rcc_ex.d:
#  A default, MAKEFILES, or -include/sinclude makefile.
#  Implicit rule search has been done.
#  Last modified 2022-10-28 12:47:19
#  File has been updated.
#  Successfully updated.
# variable set hash-table stats:
# Load=0/32=0%, Rehash=0, Collisions=0/0=0%

build/stm32f1xx_hal_msp.o: Core/Src/stm32f1xx_hal_msp.c Makefile Core/Src/stm32f1xx_hal_msp.c Core/Inc/main.h Drivers/STM32F1xx_HAL_Driver/Inc/stm32f1xx_hal.h Core/Inc/stm32f1xx_hal_conf.h Drivers/STM32F1xx_HAL_Driver/Inc/stm32f1xx_hal_rcc.h Drivers/STM32F1xx_HAL_Driver/Inc/stm32f1xx_hal_def.h Drivers/CMSIS/Device/ST/STM32F1xx/Include/stm32f1xx.h Drivers/CMSIS/Device/ST/STM32F1xx/Include/stm32f103xb.h Drivers/CMSIS/Include/core_cm3.h Drivers/CMSIS/Include/cmsis_version.h Drivers/CMSIS/Include/cmsis_compiler.h Drivers/CMSIS/Include/cmsis_gcc.h Drivers/CMSIS/Device/ST/STM32F1xx/Include/system_stm32f1xx.h Drivers/STM32F1xx_HAL_Driver/Inc/Legacy/stm32_hal_legacy.h Drivers/STM32F1xx_HAL_Driver/Inc/stm32f1xx_hal_rcc_ex.h Drivers/STM32F1xx_HAL_Driver/Inc/stm32f1xx_hal_gpio.h Drivers/STM32F1xx_HAL_Driver/Inc/stm32f1xx_hal_gpio_ex.h Drivers/STM32F1xx_HAL_Driver/Inc/stm32f1xx_hal_exti.h Drivers/STM32F1xx_HAL_Driver/Inc/stm32f1xx_hal_dma.h Drivers/STM32F1xx_HAL_Driver/Inc/stm32f1xx_hal_dma_ex.h Drivers/STM32F1xx_HAL_Driver/Inc/stm32f1xx_hal_cortex.h Drivers/STM32F1xx_HAL_Driver/Inc/stm32f1xx_hal_flash.h Drivers/STM32F1xx_HAL_Driver/Inc/stm32f1xx_hal_flash_ex.h Drivers/STM32F1xx_HAL_Driver/Inc/stm32f1xx_hal_pwr.h Drivers/STM32F1xx_HAL_Driver/Inc/stm32f1xx_hal_tim.h Drivers/STM32F1xx_HAL_Driver/Inc/stm32f1xx_hal_tim_ex.h | build
#  Implicit rule search has been done.
#  Implicit/static pattern stem: `stm32f1xx_hal_msp'
#  Last modified 2022-10-28 12:47:18
#  File has been updated.
#  Successfully updated.
# variable set hash-table stats:
# Load=0/32=0%, Rehash=0, Collisions=0/0=0%
#  commands to execute (from `Makefile', line 198):
	$(CC) -c $(CFLAGS) -Wa,-a,-ad,-alms=$(BUILD_DIR)/$(notdir $(<:.c=.lst)) $< -o $@
	

build/main.o: Core/Src/main.cpp Makefile | build
#  Implicit rule search has been done.
#  Implicit/static pattern stem: `main'
#  Last modified 2022-10-28 12:47:30
#  File has been updated.
#  Successfully updated.
# variable set hash-table stats:
# Load=0/32=0%, Rehash=0, Collisions=0/0=0%
#  commands to execute (from `Makefile', line 201):
	$(CPP) -c $(CPPFLAGS)  -Wa,-a,-ad,-alms=$(BUILD_DIR)/$(notdir $(<:.cpp=.lst)) $< -o $@
	

 
build/stm32f1xx_hal_gpio.o: Drivers/STM32F1xx_HAL_Driver/Src/stm32f1xx_hal_gpio.c Makefile Drivers/STM32F1xx_HAL_Driver/Src/stm32f1xx_hal_gpio.c Drivers/STM32F1xx_HAL_Driver/Inc/stm32f1xx_hal.h Core/Inc/stm32f1xx_hal_conf.h Drivers/STM32F1xx_HAL_Driver/Inc/stm32f1xx_hal_rcc.h Drivers/STM32F1xx_HAL_Driver/Inc/stm32f1xx_hal_def.h Drivers/CMSIS/Device/ST/STM32F1xx/Include/stm32f1xx.h Drivers/CMSIS/Device/ST/STM32F1xx/Include/stm32f103xb.h Drivers/CMSIS/Include/core_cm3.h Drivers/CMSIS/Include/cmsis_version.h Drivers/CMSIS/Include/cmsis_compiler.h Drivers/CMSIS/Include/cmsis_gcc.h Drivers/CMSIS/Device/ST/STM32F1xx/Include/system_stm32f1xx.h Drivers/STM32F1xx_HAL_Driver/Inc/Legacy/stm32_hal_legacy.h Drivers/STM32F1xx_HAL_Driver/Inc/stm32f1xx_hal_rcc_ex.h Drivers/STM32F1xx_HAL_Driver/Inc/stm32f1xx_hal_gpio.h Drivers/STM32F1xx_HAL_Driver/Inc/stm32f1xx_hal_gpio_ex.h Drivers/STM32F1xx_HAL_Driver/Inc/stm32f1xx_hal_exti.h Drivers/STM32F1xx_HAL_Driver/Inc/stm32f1xx_hal_dma.h Drivers/STM32F1xx_HAL_Driver/Inc/stm32f1xx_hal_dma_ex.h Drivers/STM32F1xx_HAL_Driver/Inc/stm32f1xx_hal_cortex.h Drivers/STM32F1xx_HAL_Driver/Inc/stm32f1xx_hal_flash.h Drivers/STM32F1xx_HAL_Driver/Inc/stm32f1xx_hal_flash_ex.h Drivers/STM32F1xx_HAL_Driver/Inc/stm32f1xx_hal_pwr.h Drivers/STM32F1xx_HAL_Driver/Inc/stm32f1xx_hal_tim.h Drivers/STM32F1xx_HAL_Driver/Inc/stm32f1xx_hal_tim_ex.h | build
#  Implicit rule search has been done.
#  Implicit/static pattern stem: `stm32f1xx_hal_gpio'
#  Last modified 2022-10-28 12:47:19
#  File has been updated.
#  Successfully updated.
# variable set hash-table stats:
# Load=0/32=0%, Rehash=0, Collisions=0/0=0%
#  commands to execute (from `Makefile', line 198):
	$(CC) -c $(CFLAGS) -Wa,-a,-ad,-alms=$(BUILD_DIR)/$(notdir $(<:.c=.lst)) $< -o $@
	

# Not a target:
"program:
#  Implicit rule search has not been done.
#  Modification time never checked.
#  File has not been updated.

Drivers/CMSIS/Include/cmsis_version.h:
#  Implicit rule search has been done.
#  Last modified 2022-10-27 21:09:27
#  File has been updated.
#  Successfully updated.
# variable set hash-table stats:
# Load=0/32=0%, Rehash=0, Collisions=0/0=0%

Drivers/CMSIS/Include/core_cm3.h:
#  Implicit rule search has been done.
#  Last modified 2022-10-27 21:09:27
#  File has been updated.
#  Successfully updated.
# variable set hash-table stats:
# Load=0/32=0%, Rehash=0, Collisions=0/0=0%

# Not a target:
Core/Src/stm32f1xx_hal_timebase_tim.c:
#  Implicit rule search has been done.
#  Last modified 2022-10-27 21:09:23
#  File has been updated.
#  Successfully updated.
# variable set hash-table stats:
# Load=0/32=0%, Rehash=0, Collisions=0/0=0%

Middlewares/Third_Party/FreeRTOS/Source/CMSIS_RTOS_V2/cmsis_os.h:
#  Implicit rule search has been done.
#  Last modified 2022-10-27 21:09:24
#  File has been updated.
#  Successfully updated.
# variable set hash-table stats:
# Load=0/32=0%, Rehash=0, Collisions=0/0=0%

# Not a target:
Drivers/STM32F1xx_HAL_Driver/Src/stm32f1xx_hal_rcc_ex.c:
#  Implicit rule search has been done.
#  Last modified 2022-10-27 21:09:24
#  File has been updated.
#  Successfully updated.
# variable set hash-table stats:
# Load=0/32=0%, Rehash=0, Collisions=0/0=0%

build/stm32f1xx_hal.o: Drivers/STM32F1xx_HAL_Driver/Src/stm32f1xx_hal.c Makefile Drivers/STM32F1xx_HAL_Driver/Src/stm32f1xx_hal.c Drivers/STM32F1xx_HAL_Driver/Inc/stm32f1xx_hal.h Core/Inc/stm32f1xx_hal_conf.h Drivers/STM32F1xx_HAL_Driver/Inc/stm32f1xx_hal_rcc.h Drivers/STM32F1xx_HAL_Driver/Inc/stm32f1xx_hal_def.h Drivers/CMSIS/Device/ST/STM32F1xx/Include/stm32f1xx.h Drivers/CMSIS/Device/ST/STM32F1xx/Include/stm32f103xb.h Drivers/CMSIS/Include/core_cm3.h Drivers/CMSIS/Include/cmsis_version.h Drivers/CMSIS/Include/cmsis_compiler.h Drivers/CMSIS/Include/cmsis_gcc.h Drivers/CMSIS/Device/ST/STM32F1xx/Include/system_stm32f1xx.h Drivers/STM32F1xx_HAL_Driver/Inc/Legacy/stm32_hal_legacy.h Drivers/STM32F1xx_HAL_Driver/Inc/stm32f1xx_hal_rcc_ex.h Drivers/STM32F1xx_HAL_Driver/Inc/stm32f1xx_hal_gpio.h Drivers/STM32F1xx_HAL_Driver/Inc/stm32f1xx_hal_gpio_ex.h Drivers/STM32F1xx_HAL_Driver/Inc/stm32f1xx_hal_exti.h Drivers/STM32F1xx_HAL_Driver/Inc/stm32f1xx_hal_dma.h Drivers/STM32F1xx_HAL_Driver/Inc/stm32f1xx_hal_dma_ex.h Drivers/STM32F1xx_HAL_Driver/Inc/stm32f1xx_hal_cortex.h Drivers/STM32F1xx_HAL_Driver/Inc/stm32f1xx_hal_flash.h Drivers/STM32F1xx_HAL_Driver/Inc/stm32f1xx_hal_flash_ex.h Drivers/STM32F1xx_HAL_Driver/Inc/stm32f1xx_hal_pwr.h Drivers/STM32F1xx_HAL_Driver/Inc/stm32f1xx_hal_tim.h Drivers/STM32F1xx_HAL_Driver/Inc/stm32f1xx_hal_tim_ex.h | build
#  Implicit rule search has been done.
#  Implicit/static pattern stem: `stm32f1xx_hal'
#  Last modified 2022-10-28 12:47:18
#  File has been updated.
#  Successfully updated.
# variable set hash-table stats:
# Load=0/32=0%, Rehash=0, Collisions=0/0=0%
#  commands to execute (from `Makefile', line 198):
	$(CC) -c $(CFLAGS) -Wa,-a,-ad,-alms=$(BUILD_DIR)/$(notdir $(<:.c=.lst)) $< -o $@
	

# Not a target:
Middlewares/Third_Party/FreeRTOS/Source/portable/GCC/ARM_CM3/port.c:
#  Implicit rule search has been done.
#  Last modified 2022-10-27 21:09:24
#  File has been updated.
#  Successfully updated.
# variable set hash-table stats:
# Load=0/32=0%, Rehash=0, Collisions=0/0=0%

all: build/learn103os1.elf build/learn103os1.hex build/learn103os1.bin
#  Command-line target.
#  Implicit rule search has been done.
#  File does not exist.
#  File has been updated.
#  Successfully updated.
# variable set hash-table stats:
# Load=0/32=0%, Rehash=0, Collisions=0/0=0%

build/stm32f1xx_hal_cortex.o: Drivers/STM32F1xx_HAL_Driver/Src/stm32f1xx_hal_cortex.c Makefile Drivers/STM32F1xx_HAL_Driver/Src/stm32f1xx_hal_cortex.c Drivers/STM32F1xx_HAL_Driver/Inc/stm32f1xx_hal.h Core/Inc/stm32f1xx_hal_conf.h Drivers/STM32F1xx_HAL_Driver/Inc/stm32f1xx_hal_rcc.h Drivers/STM32F1xx_HAL_Driver/Inc/stm32f1xx_hal_def.h Drivers/CMSIS/Device/ST/STM32F1xx/Include/stm32f1xx.h Drivers/CMSIS/Device/ST/STM32F1xx/Include/stm32f103xb.h Drivers/CMSIS/Include/core_cm3.h Drivers/CMSIS/Include/cmsis_version.h Drivers/CMSIS/Include/cmsis_compiler.h Drivers/CMSIS/Include/cmsis_gcc.h Drivers/CMSIS/Device/ST/STM32F1xx/Include/system_stm32f1xx.h Drivers/STM32F1xx_HAL_Driver/Inc/Legacy/stm32_hal_legacy.h Drivers/STM32F1xx_HAL_Driver/Inc/stm32f1xx_hal_rcc_ex.h Drivers/STM32F1xx_HAL_Driver/Inc/stm32f1xx_hal_gpio.h Drivers/STM32F1xx_HAL_Driver/Inc/stm32f1xx_hal_gpio_ex.h Drivers/STM32F1xx_HAL_Driver/Inc/stm32f1xx_hal_exti.h Drivers/STM32F1xx_HAL_Driver/Inc/stm32f1xx_hal_dma.h Drivers/STM32F1xx_HAL_Driver/Inc/stm32f1xx_hal_dma_ex.h Drivers/STM32F1xx_HAL_Driver/Inc/stm32f1xx_hal_cortex.h Drivers/STM32F1xx_HAL_Driver/Inc/stm32f1xx_hal_flash.h Drivers/STM32F1xx_HAL_Driver/Inc/stm32f1xx_hal_flash_ex.h Drivers/STM32F1xx_HAL_Driver/Inc/stm32f1xx_hal_pwr.h Drivers/STM32F1xx_HAL_Driver/Inc/stm32f1xx_hal_tim.h Drivers/STM32F1xx_HAL_Driver/Inc/stm32f1xx_hal_tim_ex.h | build
#  Implicit rule search has been done.
#  Implicit/static pattern stem: `stm32f1xx_hal_cortex'
#  Last modified 2022-10-28 12:47:19
#  File has been updated.
#  Successfully updated.
# variable set hash-table stats:
# Load=0/32=0%, Rehash=0, Collisions=0/0=0%
#  commands to execute (from `Makefile', line 198):
	$(CC) -c $(CFLAGS) -Wa,-a,-ad,-alms=$(BUILD_DIR)/$(notdir $(<:.c=.lst)) $< -o $@
	

Drivers/STM32F1xx_HAL_Driver/Inc/Legacy/stm32_hal_legacy.h:
#  Implicit rule search has been done.
#  Last modified 2022-10-27 21:09:24
#  File has been updated.
#  Successfully updated.
# variable set hash-table stats:
# Load=0/32=0%, Rehash=0, Collisions=0/0=0%

# Not a target:
openocd:
#  Implicit rule search has not been done.
#  Modification time never checked.
#  File has not been updated.

Drivers/CMSIS/Include/cmsis_gcc.h:
#  Implicit rule search has been done.
#  Last modified 2022-10-27 21:09:27
#  File has been updated.
#  Successfully updated.
# variable set hash-table stats:
# Load=0/32=0%, Rehash=0, Collisions=0/0=0%

# Not a target:
Core/Src/freertos.c:
#  Implicit rule search has been done.
#  Last modified 2022-10-27 21:51:18
#  File has been updated.
#  Successfully updated.
# variable set hash-table stats:
# Load=0/32=0%, Rehash=0, Collisions=0/0=0%

 
build/heap_4.o: Middlewares/Third_Party/FreeRTOS/Source/portable/MemMang/heap_4.c Makefile Middlewares/Third_Party/FreeRTOS/Source/portable/MemMang/heap_4.c Middlewares/Third_Party/FreeRTOS/Source/include/FreeRTOS.h Core/Inc/FreeRTOSConfig.h Middlewares/Third_Party/FreeRTOS/Source/include/projdefs.h Middlewares/Third_Party/FreeRTOS/Source/include/portable.h Middlewares/Third_Party/FreeRTOS/Source/include/deprecated_definitions.h Middlewares/Third_Party/FreeRTOS/Source/portable/GCC/ARM_CM3/portmacro.h Middlewares/Third_Party/FreeRTOS/Source/include/mpu_wrappers.h Middlewares/Third_Party/FreeRTOS/Source/include/task.h Middlewares/Third_Party/FreeRTOS/Source/include/list.h | build
#  Implicit rule search has been done.
#  Implicit/static pattern stem: `heap_4'
#  Last modified 2022-10-28 12:47:29
#  File has been updated.
#  Successfully updated.
# variable set hash-table stats:
# Load=0/32=0%, Rehash=0, Collisions=0/0=0%
#  commands to execute (from `Makefile', line 198):
	$(CC) -c $(CFLAGS) -Wa,-a,-ad,-alms=$(BUILD_DIR)/$(notdir $(<:.c=.lst)) $< -o $@
	

build/stm32f1xx_hal_rcc.o: Drivers/STM32F1xx_HAL_Driver/Src/stm32f1xx_hal_rcc.c Makefile Drivers/STM32F1xx_HAL_Driver/Src/stm32f1xx_hal_rcc.c Drivers/STM32F1xx_HAL_Driver/Inc/stm32f1xx_hal.h Core/Inc/stm32f1xx_hal_conf.h Drivers/STM32F1xx_HAL_Driver/Inc/stm32f1xx_hal_rcc.h Drivers/STM32F1xx_HAL_Driver/Inc/stm32f1xx_hal_def.h Drivers/CMSIS/Device/ST/STM32F1xx/Include/stm32f1xx.h Drivers/CMSIS/Device/ST/STM32F1xx/Include/stm32f103xb.h Drivers/CMSIS/Include/core_cm3.h Drivers/CMSIS/Include/cmsis_version.h Drivers/CMSIS/Include/cmsis_compiler.h Drivers/CMSIS/Include/cmsis_gcc.h Drivers/CMSIS/Device/ST/STM32F1xx/Include/system_stm32f1xx.h Drivers/STM32F1xx_HAL_Driver/Inc/Legacy/stm32_hal_legacy.h Drivers/STM32F1xx_HAL_Driver/Inc/stm32f1xx_hal_rcc_ex.h Drivers/STM32F1xx_HAL_Driver/Inc/stm32f1xx_hal_gpio.h Drivers/STM32F1xx_HAL_Driver/Inc/stm32f1xx_hal_gpio_ex.h Drivers/STM32F1xx_HAL_Driver/Inc/stm32f1xx_hal_exti.h Drivers/STM32F1xx_HAL_Driver/Inc/stm32f1xx_hal_dma.h Drivers/STM32F1xx_HAL_Driver/Inc/stm32f1xx_hal_dma_ex.h Drivers/STM32F1xx_HAL_Driver/Inc/stm32f1xx_hal_cortex.h Drivers/STM32F1xx_HAL_Driver/Inc/stm32f1xx_hal_flash.h Drivers/STM32F1xx_HAL_Driver/Inc/stm32f1xx_hal_flash_ex.h Drivers/STM32F1xx_HAL_Driver/Inc/stm32f1xx_hal_pwr.h Drivers/STM32F1xx_HAL_Driver/Inc/stm32f1xx_hal_tim.h Drivers/STM32F1xx_HAL_Driver/Inc/stm32f1xx_hal_tim_ex.h | build
#  Implicit rule search has been done.
#  Implicit/static pattern stem: `stm32f1xx_hal_rcc'
#  Last modified 2022-10-28 12:47:19
#  File has been updated.
#  Successfully updated.
# variable set hash-table stats:
# Load=0/32=0%, Rehash=0, Collisions=0/0=0%
#  commands to execute (from `Makefile', line 198):
	$(CC) -c $(CFLAGS) -Wa,-a,-ad,-alms=$(BUILD_DIR)/$(notdir $(<:.c=.lst)) $< -o $@
	

# Not a target:
build/stream_buffer.d:
#  A default, MAKEFILES, or -include/sinclude makefile.
#  Implicit rule search has been done.
#  Last modified 2022-10-28 12:47:27
#  File has been updated.
#  Successfully updated.
# variable set hash-table stats:
# Load=0/32=0%, Rehash=0, Collisions=0/0=0%

# Not a target:
build/queue.d:
#  A default, MAKEFILES, or -include/sinclude makefile.
#  Implicit rule search has been done.
#  Last modified 2022-10-28 12:47:26
#  File has been updated.
#  Successfully updated.
# variable set hash-table stats:
# Load=0/32=0%, Rehash=0, Collisions=0/0=0%

Middlewares/Third_Party/FreeRTOS/Source/include/stack_macros.h:
#  Implicit rule search has been done.
#  Last modified 2022-10-27 21:09:24
#  File has been updated.
#  Successfully updated.
# variable set hash-table stats:
# Load=0/32=0%, Rehash=0, Collisions=0/0=0%

Middlewares/Third_Party/FreeRTOS/Source/include/projdefs.h:
#  Implicit rule search has been done.
#  Last modified 2022-10-27 21:09:24
#  File has been updated.
#  Successfully updated.
# variable set hash-table stats:
# Load=0/32=0%, Rehash=0, Collisions=0/0=0%

build/rtos.o: Core/Src/Rtos/rtos.cpp Makefile | build
#  Implicit rule search has been done.
#  Implicit/static pattern stem: `rtos'
#  Last modified 2022-10-28 12:47:30
#  File has been updated.
#  Successfully updated.
# variable set hash-table stats:
# Load=0/32=0%, Rehash=0, Collisions=0/0=0%
#  commands to execute (from `Makefile', line 201):
	$(CPP) -c $(CPPFLAGS)  -Wa,-a,-ad,-alms=$(BUILD_DIR)/$(notdir $(<:.cpp=.lst)) $< -o $@
	

build/stm32f1xx_hal_exti.o: Drivers/STM32F1xx_HAL_Driver/Src/stm32f1xx_hal_exti.c Makefile Drivers/STM32F1xx_HAL_Driver/Src/stm32f1xx_hal_exti.c Drivers/STM32F1xx_HAL_Driver/Inc/stm32f1xx_hal.h Core/Inc/stm32f1xx_hal_conf.h Drivers/STM32F1xx_HAL_Driver/Inc/stm32f1xx_hal_rcc.h Drivers/STM32F1xx_HAL_Driver/Inc/stm32f1xx_hal_def.h Drivers/CMSIS/Device/ST/STM32F1xx/Include/stm32f1xx.h Drivers/CMSIS/Device/ST/STM32F1xx/Include/stm32f103xb.h Drivers/CMSIS/Include/core_cm3.h Drivers/CMSIS/Include/cmsis_version.h Drivers/CMSIS/Include/cmsis_compiler.h Drivers/CMSIS/Include/cmsis_gcc.h Drivers/CMSIS/Device/ST/STM32F1xx/Include/system_stm32f1xx.h Drivers/STM32F1xx_HAL_Driver/Inc/Legacy/stm32_hal_legacy.h Drivers/STM32F1xx_HAL_Driver/Inc/stm32f1xx_hal_rcc_ex.h Drivers/STM32F1xx_HAL_Driver/Inc/stm32f1xx_hal_gpio.h Drivers/STM32F1xx_HAL_Driver/Inc/stm32f1xx_hal_gpio_ex.h Drivers/STM32F1xx_HAL_Driver/Inc/stm32f1xx_hal_exti.h Drivers/STM32F1xx_HAL_Driver/Inc/stm32f1xx_hal_dma.h Drivers/STM32F1xx_HAL_Driver/Inc/stm32f1xx_hal_dma_ex.h Drivers/STM32F1xx_HAL_Driver/Inc/stm32f1xx_hal_cortex.h Drivers/STM32F1xx_HAL_Driver/Inc/stm32f1xx_hal_flash.h Drivers/STM32F1xx_HAL_Driver/Inc/stm32f1xx_hal_flash_ex.h Drivers/STM32F1xx_HAL_Driver/Inc/stm32f1xx_hal_pwr.h Drivers/STM32F1xx_HAL_Driver/Inc/stm32f1xx_hal_tim.h Drivers/STM32F1xx_HAL_Driver/Inc/stm32f1xx_hal_tim_ex.h | build
#  Implicit rule search has been done.
#  Implicit/static pattern stem: `stm32f1xx_hal_exti'
#  Last modified 2022-10-28 12:47:19
#  File has been updated.
#  Successfully updated.
# variable set hash-table stats:
# Load=0/32=0%, Rehash=0, Collisions=0/0=0%
#  commands to execute (from `Makefile', line 198):
	$(CC) -c $(CFLAGS) -Wa,-a,-ad,-alms=$(BUILD_DIR)/$(notdir $(<:.c=.lst)) $< -o $@
	

build/startup_stm32f103xb.o: startup_stm32f103xb.s Makefile startup_stm32f103xb.s | build
#  Implicit rule search has been done.
#  Implicit/static pattern stem: `startup_stm32f103xb'
#  Last modified 2022-10-28 12:47:30
#  File has been updated.
#  Successfully updated.
# variable set hash-table stats:
# Load=0/32=0%, Rehash=0, Collisions=0/0=0%
#  commands to execute (from `Makefile', line 204):
	$(AS) -c $(CFLAGS) $< -o $@
	

build/cmsis_os2.o: Middlewares/Third_Party/FreeRTOS/Source/CMSIS_RTOS_V2/cmsis_os2.c Makefile Middlewares/Third_Party/FreeRTOS/Source/CMSIS_RTOS_V2/cmsis_os2.c Middlewares/Third_Party/FreeRTOS/Source/CMSIS_RTOS_V2/cmsis_os2.h Drivers/CMSIS/Include/cmsis_compiler.h Drivers/CMSIS/Include/cmsis_gcc.h Middlewares/Third_Party/FreeRTOS/Source/include/FreeRTOS.h Core/Inc/FreeRTOSConfig.h Middlewares/Third_Party/FreeRTOS/Source/include/projdefs.h Middlewares/Third_Party/FreeRTOS/Source/include/portable.h Middlewares/Third_Party/FreeRTOS/Source/include/deprecated_definitions.h Middlewares/Third_Party/FreeRTOS/Source/portable/GCC/ARM_CM3/portmacro.h Middlewares/Third_Party/FreeRTOS/Source/include/mpu_wrappers.h Middlewares/Third_Party/FreeRTOS/Source/include/task.h Middlewares/Third_Party/FreeRTOS/Source/include/list.h Middlewares/Third_Party/FreeRTOS/Source/include/event_groups.h Middlewares/Third_Party/FreeRTOS/Source/include/timers.h Middlewares/Third_Party/FreeRTOS/Source/include/task.h Middlewares/Third_Party/FreeRTOS/Source/include/semphr.h Middlewares/Third_Party/FreeRTOS/Source/include/queue.h | build
#  Implicit rule search has been done.
#  Implicit/static pattern stem: `cmsis_os2'
#  Last modified 2022-10-28 12:47:29
#  File has been updated.
#  Successfully updated.
# variable set hash-table stats:
# Load=0/32=0%, Rehash=0, Collisions=0/0=0%
#  commands to execute (from `Makefile', line 198):
	$(CC) -c $(CFLAGS) -Wa,-a,-ad,-alms=$(BUILD_DIR)/$(notdir $(<:.c=.lst)) $< -o $@
	

Middlewares/Third_Party/FreeRTOS/Source/include/timers.h:
 
#  Implicit rule search has been done.
#  Last modified 2022-10-27 21:09:24
#  File has been updated.
#  Successfully updated.
# variable set hash-table stats:
# Load=0/32=0%, Rehash=0, Collisions=0/0=0%

build/learn103os1.elf: build/gpio.o build/freertos.o build/stm32f1xx_it.o build/stm32f1xx_hal_msp.o build/stm32f1xx_hal_timebase_tim.o build/stm32f1xx_hal_gpio_ex.o build/stm32f1xx_hal.o build/stm32f1xx_hal_rcc.o build/stm32f1xx_hal_rcc_ex.o build/stm32f1xx_hal_gpio.o build/stm32f1xx_hal_dma.o build/stm32f1xx_hal_cortex.o build/stm32f1xx_hal_pwr.o build/stm32f1xx_hal_flash.o build/stm32f1xx_hal_flash_ex.o build/stm32f1xx_hal_exti.o build/stm32f1xx_hal_tim.o build/stm32f1xx_hal_tim_ex.o build/system_stm32f1xx.o build/croutine.o build/event_groups.o build/list.o build/queue.o build/stream_buffer.o build/tasks.o build/timers.o build/cmsis_os2.o build/heap_4.o build/port.o build/main.o build/rtos.o build/leddriver.o build/mytask.o build/startup_stm32f103xb.o Makefile
#  Implicit rule search has not been done.
#  Last modified 2022-10-28 12:47:31
#  File has been updated.
#  Successfully updated.
# variable set hash-table stats:
# Load=0/32=0%, Rehash=0, Collisions=0/0=0%
#  commands to execute (from `Makefile', line 207):
	$(CPP) $(OBJECTS) $(LDFLAGS) -o $@
	$(SZ) $@
	

Drivers/STM32F1xx_HAL_Driver/Inc/stm32f1xx_hal_tim.h:
#  Implicit rule search has been done.
#  Last modified 2022-10-27 21:09:24
#  File has been updated.
#  Successfully updated.
# variable set hash-table stats:
# Load=0/32=0%, Rehash=0, Collisions=0/0=0%

Drivers/CMSIS/Device/ST/STM32F1xx/Include/system_stm32f1xx.h:
#  Implicit rule search has been done.
#  Last modified 2022-10-27 21:09:27
#  File has been updated.
#  Successfully updated.
# variable set hash-table stats:
# Load=0/32=0%, Rehash=0, Collisions=0/0=0%

# Not a target:
.SUFFIXES:
#  Implicit rule search has not been done.
#  Modification time never checked.
#  File has not been updated.

Middlewares/Third_Party/FreeRTOS/Source/include/semphr.h:
#  Implicit rule search has been done.
#  Last modified 2022-10-27 21:09:24
#  File has been updated.
#  Successfully updated.
# variable set hash-table stats:
# Load=0/32=0%, Rehash=0, Collisions=0/0=0%

Middlewares/Third_Party/FreeRTOS/Source/include/croutine.h:
#  Implicit rule search has been done.
#  Last modified 2022-10-27 21:09:24
#  File has been updated.
#  Successfully updated.
# variable set hash-table stats:
# Load=0/32=0%, Rehash=0, Collisions=0/0=0%

# Not a target:
Makefile:
#  Implicit rule search has been done.
#  Last modified 2022-10-28 12:47:15
#  File has been updated.
#  Successfully updated.
# variable set hash-table stats:
# Load=0/32=0%, Rehash=0, Collisions=0/0=0%

build/event_groups.o: Middlewares/Third_Party/FreeRTOS/Source/event_groups.c Makefile Middlewares/Third_Party/FreeRTOS/Source/event_groups.c Middlewares/Third_Party/FreeRTOS/Source/include/FreeRTOS.h Core/Inc/FreeRTOSConfig.h Middlewares/Third_Party/FreeRTOS/Source/include/projdefs.h Middlewares/Third_Party/FreeRTOS/Source/include/portable.h Middlewares/Third_Party/FreeRTOS/Source/include/deprecated_definitions.h Middlewares/Third_Party/FreeRTOS/Source/portable/GCC/ARM_CM3/portmacro.h Middlewares/Third_Party/FreeRTOS/Source/include/mpu_wrappers.h Middlewares/Third_Party/FreeRTOS/Source/include/task.h Middlewares/Third_Party/FreeRTOS/Source/include/list.h Middlewares/Third_Party/FreeRTOS/Source/include/timers.h Middlewares/Third_Party/FreeRTOS/Source/include/task.h Middlewares/Third_Party/FreeRTOS/Source/include/event_groups.h Middlewares/Third_Party/FreeRTOS/Source/include/timers.h | build
#  Implicit rule search has been done.
#  Implicit/static pattern stem: `event_groups'
#  Last modified 2022-10-28 12:47:26
#  File has been updated.
#  Successfully updated.
# variable set hash-table stats:
# Load=0/32=0%, Rehash=0, Collisions=0/0=0%
#  commands to execute (from `Makefile', line 198):
	$(CC) -c $(CFLAGS) -Wa,-a,-ad,-alms=$(BUILD_DIR)/$(notdir $(<:.c=.lst)) $< -o $@
	

# Not a target:
Core/Src/Task/mytask.cpp:
#  Implicit rule search has been done.
#  Last modified 2022-10-27 21:50:34
#  File has been updated.
#  Successfully updated.
# variable set hash-table stats:
# Load=0/32=0%, Rehash=0, Collisions=0/0=0%

Drivers/CMSIS/Include/cmsis_compiler.h:
#  Implicit rule search has been done.
#  Last modified 2022-10-27 21:09:27
#  File has been updated.
#  Successfully updated.
# variable set hash-table stats:
# Load=0/32=0%, Rehash=0, Collisions=0/0=0%

build/stm32f1xx_it.o: Core/Src/stm32f1xx_it.c Makefile Core/Src/stm32f1xx_it.c Core/Inc/main.h Drivers/STM32F1xx_HAL_Driver/Inc/stm32f1xx_hal.h Core/Inc/stm32f1xx_hal_conf.h Drivers/STM32F1xx_HAL_Driver/Inc/stm32f1xx_hal_rcc.h Drivers/STM32F1xx_HAL_Driver/Inc/stm32f1xx_hal_def.h Drivers/CMSIS/Device/ST/STM32F1xx/Include/stm32f1xx.h Drivers/CMSIS/Device/ST/STM32F1xx/Include/stm32f103xb.h Drivers/CMSIS/Include/core_cm3.h Drivers/CMSIS/Include/cmsis_version.h Drivers/CMSIS/Include/cmsis_compiler.h Drivers/CMSIS/Include/cmsis_gcc.h Drivers/CMSIS/Device/ST/STM32F1xx/Include/system_stm32f1xx.h Drivers/STM32F1xx_HAL_Driver/Inc/Legacy/stm32_hal_legacy.h Drivers/STM32F1xx_HAL_Driver/Inc/stm32f1xx_hal_rcc_ex.h Drivers/STM32F1xx_HAL_Driver/Inc/stm32f1xx_hal_gpio.h Drivers/STM32F1xx_HAL_Driver/Inc/stm32f1xx_hal_gpio_ex.h Drivers/STM32F1xx_HAL_Driver/Inc/stm32f1xx_hal_exti.h Drivers/STM32F1xx_HAL_Driver/Inc/stm32f1xx_hal_dma.h Drivers/STM32F1xx_HAL_Driver/Inc/stm32f1xx_hal_dma_ex.h Drivers/STM32F1xx_HAL_Driver/Inc/stm32f1xx_hal_cortex.h Drivers/STM32F1xx_HAL_Driver/Inc/stm32f1xx_hal_flash.h Drivers/STM32F1xx_HAL_Driver/Inc/stm32f1xx_hal_flash_ex.h Drivers/STM32F1xx_HAL_Driver/Inc/stm32f1xx_hal_pwr.h Drivers/STM32F1xx_HAL_Driver/Inc/stm32f1xx_hal_tim.h Drivers/STM32F1xx_HAL_Driver/Inc/stm32f1xx_hal_tim_ex.h Core/Inc/stm32f1xx_it.h | build
#  Implicit rule search has been done.
#  Implicit/static pattern stem: `stm32f1xx_it'
#  Last modified 2022-10-28 12:47:18
#  File has been updated.
#  Successfully updated.
# variable set hash-table stats:
# Load=0/32=0%, Rehash=0, Collisions=0/0=0%
#  commands to execute (from `Makefile', line 198):
	$(CC) -c $(CFLAGS) -Wa,-a,-ad,-alms=$(BUILD_DIR)/$(notdir $(<:.c=.lst)) $< -o $@
	

# Not a target:
build/stm32f1xx_hal_tim.d:
#  A default, MAKEFILES, or -include/sinclude makefile.
#  Implicit rule search has been done.
#  Last modified 2022-10-28 12:47:20
#  File has been updated.
#  Successfully updated.
# variable set hash-table stats:
# Load=0/32=0%, Rehash=0, Collisions=0/0=0%

build/stm32f1xx_hal_gpio_ex.o: Drivers/STM32F1xx_HAL_Driver/Src/stm32f1xx_hal_gpio_ex.c Makefile Drivers/STM32F1xx_HAL_Driver/Src/stm32f1xx_hal_gpio_ex.c Drivers/STM32F1xx_HAL_Driver/Inc/stm32f1xx_hal.h Core/Inc/stm32f1xx_hal_conf.h Drivers/STM32F1xx_HAL_Driver/Inc/stm32f1xx_hal_rcc.h Drivers/STM32F1xx_HAL_Driver/Inc/stm32f1xx_hal_def.h Drivers/CMSIS/Device/ST/STM32F1xx/Include/stm32f1xx.h Drivers/CMSIS/Device/ST/STM32F1xx/Include/stm32f103xb.h Drivers/CMSIS/Include/core_cm3.h Drivers/CMSIS/Include/cmsis_version.h Drivers/CMSIS/Include/cmsis_compiler.h Drivers/CMSIS/Include/cmsis_gcc.h Drivers/CMSIS/Device/ST/STM32F1xx/Include/system_stm32f1xx.h Drivers/STM32F1xx_HAL_Driver/Inc/Legacy/stm32_hal_legacy.h Drivers/STM32F1xx_HAL_Driver/Inc/stm32f1xx_hal_rcc_ex.h Drivers/STM32F1xx_HAL_Driver/Inc/stm32f1xx_hal_gpio.h Drivers/STM32F1xx_HAL_Driver/Inc/stm32f1xx_hal_gpio_ex.h Drivers/STM32F1xx_HAL_Driver/Inc/stm32f1xx_hal_exti.h Drivers/STM32F1xx_HAL_Driver/Inc/stm32f1xx_hal_dma.h Drivers/STM32F1xx_HAL_Driver/Inc/stm32f1xx_hal_dma_ex.h Drivers/STM32F1xx_HAL_Driver/Inc/stm32f1xx_hal_cortex.h Drivers/STM32F1xx_HAL_Driver/Inc/stm32f1xx_hal_flash.h Drivers/STM32F1xx_HAL_Driver/Inc/stm32f1xx_hal_flash_ex.h Drivers/STM32F1xx_HAL_Driver/Inc/stm32f1xx_hal_pwr.h Drivers/STM32F1xx_HAL_Driver/Inc/stm32f1xx_hal_tim.h Drivers/STM32F1xx_HAL_Driver/Inc/stm32f1xx_hal_tim_ex.h | build
#  Implicit rule search has been done.
#  Implicit/static pattern stem: `stm32f1xx_hal_gpio_ex'
#  Last modified 2022-10-28 12:47:18
#  File has been updated.
#  Successfully updated.
# variable set hash-table stats:
# Load=0/32=0%, Rehash=0, Collisions=0/0=0%
 
#  commands to execute (from `Makefile', line 198):
	$(CC) -c $(CFLAGS) -Wa,-a,-ad,-alms=$(BUILD_DIR)/$(notdir $(<:.c=.lst)) $< -o $@
	

Core/Inc/stm32f1xx_hal_conf.h:
#  Implicit rule search has been done.
#  Last modified 2022-10-27 21:09:23
#  File has been updated.
#  Successfully updated.
# variable set hash-table stats:
# Load=0/32=0%, Rehash=0, Collisions=0/0=0%

Drivers/STM32F1xx_HAL_Driver/Inc/stm32f1xx_hal_pwr.h:
#  Implicit rule search has been done.
#  Last modified 2022-10-27 21:09:24
#  File has been updated.
#  Successfully updated.
# variable set hash-table stats:
# Load=0/32=0%, Rehash=0, Collisions=0/0=0%

# Not a target:
build/port.d:
#  A default, MAKEFILES, or -include/sinclude makefile.
#  Implicit rule search has been done.
#  Last modified 2022-10-28 12:47:30
#  File has been updated.
#  Successfully updated.
# variable set hash-table stats:
# Load=0/32=0%, Rehash=0, Collisions=0/0=0%

build/gpio.o: Core/Src/gpio.c Makefile Core/Src/gpio.c Core/Inc/gpio.h Core/Inc/main.h Drivers/STM32F1xx_HAL_Driver/Inc/stm32f1xx_hal.h Core/Inc/stm32f1xx_hal_conf.h Drivers/STM32F1xx_HAL_Driver/Inc/stm32f1xx_hal_rcc.h Drivers/STM32F1xx_HAL_Driver/Inc/stm32f1xx_hal_def.h Drivers/CMSIS/Device/ST/STM32F1xx/Include/stm32f1xx.h Drivers/CMSIS/Device/ST/STM32F1xx/Include/stm32f103xb.h Drivers/CMSIS/Include/core_cm3.h Drivers/CMSIS/Include/cmsis_version.h Drivers/CMSIS/Include/cmsis_compiler.h Drivers/CMSIS/Include/cmsis_gcc.h Drivers/CMSIS/Device/ST/STM32F1xx/Include/system_stm32f1xx.h Drivers/STM32F1xx_HAL_Driver/Inc/Legacy/stm32_hal_legacy.h Drivers/STM32F1xx_HAL_Driver/Inc/stm32f1xx_hal_rcc_ex.h Drivers/STM32F1xx_HAL_Driver/Inc/stm32f1xx_hal_gpio.h Drivers/STM32F1xx_HAL_Driver/Inc/stm32f1xx_hal_gpio_ex.h Drivers/STM32F1xx_HAL_Driver/Inc/stm32f1xx_hal_exti.h Drivers/STM32F1xx_HAL_Driver/Inc/stm32f1xx_hal_dma.h Drivers/STM32F1xx_HAL_Driver/Inc/stm32f1xx_hal_dma_ex.h Drivers/STM32F1xx_HAL_Driver/Inc/stm32f1xx_hal_cortex.h Drivers/STM32F1xx_HAL_Driver/Inc/stm32f1xx_hal_flash.h Drivers/STM32F1xx_HAL_Driver/Inc/stm32f1xx_hal_flash_ex.h Drivers/STM32F1xx_HAL_Driver/Inc/stm32f1xx_hal_pwr.h Drivers/STM32F1xx_HAL_Driver/Inc/stm32f1xx_hal_tim.h Drivers/STM32F1xx_HAL_Driver/Inc/stm32f1xx_hal_tim_ex.h | build
#  Implicit rule search has been done.
#  Implicit/static pattern stem: `gpio'
#  Last modified 2022-10-28 12:47:18
#  File has been updated.
#  Successfully updated.
# variable set hash-table stats:
# Load=0/32=0%, Rehash=0, Collisions=0/0=0%
#  commands to execute (from `Makefile', line 198):
	$(CC) -c $(CFLAGS) -Wa,-a,-ad,-alms=$(BUILD_DIR)/$(notdir $(<:.c=.lst)) $< -o $@
	

# Not a target:
build/system_stm32f1xx.d:
#  A default, MAKEFILES, or -include/sinclude makefile.
#  Implicit rule search has been done.
#  Last modified 2022-10-28 12:47:26
#  File has been updated.
#  Successfully updated.
# variable set hash-table stats:
# Load=0/32=0%, Rehash=0, Collisions=0/0=0%

build:
#  Implicit rule search has not been done.
#  Last modified 2022-10-28 12:47:31
#  File has been updated.
#  Successfully updated.
#  commands to execute (from `Makefile', line 217):
	mkdir $@		
	

build/stm32f1xx_hal_rcc_ex.o: Drivers/STM32F1xx_HAL_Driver/Src/stm32f1xx_hal_rcc_ex.c Makefile Drivers/STM32F1xx_HAL_Driver/Src/stm32f1xx_hal_rcc_ex.c Drivers/STM32F1xx_HAL_Driver/Inc/stm32f1xx_hal.h Core/Inc/stm32f1xx_hal_conf.h Drivers/STM32F1xx_HAL_Driver/Inc/stm32f1xx_hal_rcc.h Drivers/STM32F1xx_HAL_Driver/Inc/stm32f1xx_hal_def.h Drivers/CMSIS/Device/ST/STM32F1xx/Include/stm32f1xx.h Drivers/CMSIS/Device/ST/STM32F1xx/Include/stm32f103xb.h Drivers/CMSIS/Include/core_cm3.h Drivers/CMSIS/Include/cmsis_version.h Drivers/CMSIS/Include/cmsis_compiler.h Drivers/CMSIS/Include/cmsis_gcc.h Drivers/CMSIS/Device/ST/STM32F1xx/Include/system_stm32f1xx.h Drivers/STM32F1xx_HAL_Driver/Inc/Legacy/stm32_hal_legacy.h Drivers/STM32F1xx_HAL_Driver/Inc/stm32f1xx_hal_rcc_ex.h Drivers/STM32F1xx_HAL_Driver/Inc/stm32f1xx_hal_gpio.h Drivers/STM32F1xx_HAL_Driver/Inc/stm32f1xx_hal_gpio_ex.h Drivers/STM32F1xx_HAL_Driver/Inc/stm32f1xx_hal_exti.h Drivers/STM32F1xx_HAL_Driver/Inc/stm32f1xx_hal_dma.h Drivers/STM32F1xx_HAL_Driver/Inc/stm32f1xx_hal_dma_ex.h Drivers/STM32F1xx_HAL_Driver/Inc/stm32f1xx_hal_cortex.h Drivers/STM32F1xx_HAL_Driver/Inc/stm32f1xx_hal_flash.h Drivers/STM32F1xx_HAL_Driver/Inc/stm32f1xx_hal_flash_ex.h Drivers/STM32F1xx_HAL_Driver/Inc/stm32f1xx_hal_pwr.h Drivers/STM32F1xx_HAL_Driver/Inc/stm32f1xx_hal_tim.h Drivers/STM32F1xx_HAL_Driver/Inc/stm32f1xx_hal_tim_ex.h | build
#  Implicit rule search has been done.
#  Implicit/static pattern stem: `stm32f1xx_hal_rcc_ex'
#  Last modified 2022-10-28 12:47:19
#  File has been updated.
#  Successfully updated.
# variable set hash-table stats:
# Load=0/32=0%, Rehash=0, Collisions=0/0=0%
#  commands to execute (from `Makefile', line 198):
	$(CC) -c $(CFLAGS) -Wa,-a,-ad,-alms=$(BUILD_DIR)/$(notdir $(<:.c=.lst)) $< -o $@
	

build/learn103os1.bin: build/learn103os1.elf | build
#  Implicit rule search has been done.
#  Implicit/static pattern stem: `learn103os1'
#  Last modified 2022-10-28 12:47:31
#  File has been updated.
#  Successfully updated.
# variable set hash-table stats:
# Load=0/32=0%, Rehash=0, Collisions=0/0=0%
#  commands to execute (from `Makefile', line 214):
	$(BIN) $< $@	
	

# Not a target:
build/stm32f1xx_hal_pwr.d:
#  A default, MAKEFILES, or -include/sinclude makefile.
#  Implicit rule search has been done.
#  Last modified 2022-10-28 12:47:19
#  File has been updated.
#  Successfully updated.
# variable set hash-table stats:
# Load=0/32=0%, Rehash=0, Collisions=0/0=0%

# Not a target:
Middlewares/Third_Party/FreeRTOS/Source/timers.c:
#  Implicit rule search has been done.
#  Last modified 2022-10-27 21:09:24
#  File has been updated.
#  Successfully updated.
# variable set hash-table stats:
# Load=0/32=0%, Rehash=0, Collisions=0/0=0%

# Not a target:
Middlewares/Third_Party/FreeRTOS/Source/CMSIS_RTOS_V2/cmsis_os2.c:
#  Implicit rule search has been done.
#  Last modified 2022-10-27 21:09:24
#  File has been updated.
#  Successfully updated.
# variable set hash-table stats:
# Load=0/32=0%, Rehash=0, Collisions=0/0=0%

# Not a target:
Drivers/STM32F1xx_HAL_Driver/Src/stm32f1xx_hal_pwr.c:
#  Implicit rule search has been done.
#  Last modified 2022-10-27 21:09:24
#  File has been updated.
#  Successfully updated.
# variable set hash-table stats:
# Load=0/32=0%, Rehash=0, Collisions=0/0=0%

Middlewares/Third_Party/FreeRTOS/Source/include/list.h:
#  Implicit rule search has been done.
#  Last modified 2022-10-27 21:09:24
#  File has been updated.
#  Successfully updated.
# variable set hash-table stats:
# Load=0/32=0%, Rehash=0, Collisions=0/0=0%

prog: build/learn103os1.elf openocd -f interface/stlink-v2.cfg -f target/stm32f7x.cfg -c "program build/learn103os1.elf verify exit reset"
#  Implicit rule search has not been done.
#  Modification time never checked.
#  File has not been updated.

# Not a target:
Core/Src/Rtos/rtos.cpp:
#  Implicit rule search has been done.
#  Last modified 2022-10-27 21:55:07
#  File has been updated.
#  Successfully updated.
# variable set hash-table stats:
# Load=0/32=0%, Rehash=0, Collisions=0/0=0%

Drivers/STM32F1xx_HAL_Driver/Inc/stm32f1xx_hal_flash.h:
#  Implicit rule search has been done.
#  Last modified 2022-10-27 21:09:24
#  File has been updated.
#  Successfully updated.
# variable set hash-table stats:
# Load=0/32=0%, Rehash=0, Collisions=0/0=0%

# Not a target:
Core/Src/system_stm32f1xx.c:
#  Implicit rule search has been done.
#  Last modified 2022-10-27 21:09:24
#  File has been updated.
#  Successfully updated.
# variable set hash-table stats:
# Load=0/32=0%, Rehash=0, Collisions=0/0=0%

 
build/stream_buffer.o: Middlewares/Third_Party/FreeRTOS/Source/stream_buffer.c Makefile Middlewares/Third_Party/FreeRTOS/Source/stream_buffer.c Middlewares/Third_Party/FreeRTOS/Source/include/FreeRTOS.h Core/Inc/FreeRTOSConfig.h Middlewares/Third_Party/FreeRTOS/Source/include/projdefs.h Middlewares/Third_Party/FreeRTOS/Source/include/portable.h Middlewares/Third_Party/FreeRTOS/Source/include/deprecated_definitions.h Middlewares/Third_Party/FreeRTOS/Source/portable/GCC/ARM_CM3/portmacro.h Middlewares/Third_Party/FreeRTOS/Source/include/mpu_wrappers.h Middlewares/Third_Party/FreeRTOS/Source/include/task.h Middlewares/Third_Party/FreeRTOS/Source/include/list.h Middlewares/Third_Party/FreeRTOS/Source/include/stream_buffer.h | build
#  Implicit rule search has been done.
#  Implicit/static pattern stem: `stream_buffer'
#  Last modified 2022-10-28 12:47:27
#  File has been updated.
#  Successfully updated.
# variable set hash-table stats:
# Load=0/32=0%, Rehash=0, Collisions=0/0=0%
#  commands to execute (from `Makefile', line 198):
	$(CC) -c $(CFLAGS) -Wa,-a,-ad,-alms=$(BUILD_DIR)/$(notdir $(<:.c=.lst)) $< -o $@
	

# Not a target:
build/stm32f1xx_hal_flash_ex.d:
#  A default, MAKEFILES, or -include/sinclude makefile.
#  Implicit rule search has been done.
#  Last modified 2022-10-28 12:47:19
#  File has been updated.
#  Successfully updated.
# variable set hash-table stats:
# Load=0/32=0%, Rehash=0, Collisions=0/0=0%

# Not a target:
Middlewares/Third_Party/FreeRTOS/Source/croutine.c:
#  Implicit rule search has been done.
#  Last modified 2022-10-27 21:09:24
#  File has been updated.
#  Successfully updated.
# variable set hash-table stats:
# Load=0/32=0%, Rehash=0, Collisions=0/0=0%

# Not a target:
-c:
#  Implicit rule search has not been done.
#  Modification time never checked.
#  File has not been updated.

build/queue.o: Middlewares/Third_Party/FreeRTOS/Source/queue.c Makefile Middlewares/Third_Party/FreeRTOS/Source/queue.c Middlewares/Third_Party/FreeRTOS/Source/include/FreeRTOS.h Core/Inc/FreeRTOSConfig.h Middlewares/Third_Party/FreeRTOS/Source/include/projdefs.h Middlewares/Third_Party/FreeRTOS/Source/include/portable.h Middlewares/Third_Party/FreeRTOS/Source/include/deprecated_definitions.h Middlewares/Third_Party/FreeRTOS/Source/portable/GCC/ARM_CM3/portmacro.h Middlewares/Third_Party/FreeRTOS/Source/include/mpu_wrappers.h Middlewares/Third_Party/FreeRTOS/Source/include/task.h Middlewares/Third_Party/FreeRTOS/Source/include/list.h Middlewares/Third_Party/FreeRTOS/Source/include/queue.h | build
#  Implicit rule search has been done.
#  Implicit/static pattern stem: `queue'
#  Last modified 2022-10-28 12:47:27
#  File has been updated.
#  Successfully updated.
 
# variable set hash-table stats:
# Load=0/32=0%, Rehash=0, Collisions=0/0=0%
#  commands to execute (from `Makefile', line 198):
	$(CC) -c $(CFLAGS) -Wa,-a,-ad,-alms=$(BUILD_DIR)/$(notdir $(<:.c=.lst)) $< -o $@
	

build/freertos.o: Core/Src/freertos.c Makefile Core/Src/freertos.c Middlewares/Third_Party/FreeRTOS/Source/include/FreeRTOS.h Core/Inc/FreeRTOSConfig.h Middlewares/Third_Party/FreeRTOS/Source/include/projdefs.h Middlewares/Third_Party/FreeRTOS/Source/include/portable.h Middlewares/Third_Party/FreeRTOS/Source/include/deprecated_definitions.h Middlewares/Third_Party/FreeRTOS/Source/portable/GCC/ARM_CM3/portmacro.h Middlewares/Third_Party/FreeRTOS/Source/include/mpu_wrappers.h Middlewares/Third_Party/FreeRTOS/Source/include/task.h Middlewares/Third_Party/FreeRTOS/Source/include/list.h Core/Inc/main.h Drivers/STM32F1xx_HAL_Driver/Inc/stm32f1xx_hal.h Core/Inc/stm32f1xx_hal_conf.h Drivers/STM32F1xx_HAL_Driver/Inc/stm32f1xx_hal_rcc.h Drivers/STM32F1xx_HAL_Driver/Inc/stm32f1xx_hal_def.h Drivers/CMSIS/Device/ST/STM32F1xx/Include/stm32f1xx.h Drivers/CMSIS/Device/ST/STM32F1xx/Include/stm32f103xb.h Drivers/CMSIS/Include/core_cm3.h Drivers/CMSIS/Include/cmsis_version.h Drivers/CMSIS/Include/cmsis_compiler.h Drivers/CMSIS/Include/cmsis_gcc.h Drivers/CMSIS/Device/ST/STM32F1xx/Include/system_stm32f1xx.h Drivers/STM32F1xx_HAL_Driver/Inc/Legacy/stm32_hal_legacy.h Drivers/STM32F1xx_HAL_Driver/Inc/stm32f1xx_hal_rcc_ex.h Drivers/STM32F1xx_HAL_Driver/Inc/stm32f1xx_hal_gpio.h Drivers/STM32F1xx_HAL_Driver/Inc/stm32f1xx_hal_gpio_ex.h Drivers/STM32F1xx_HAL_Driver/Inc/stm32f1xx_hal_exti.h Drivers/STM32F1xx_HAL_Driver/Inc/stm32f1xx_hal_dma.h Drivers/STM32F1xx_HAL_Driver/Inc/stm32f1xx_hal_dma_ex.h Drivers/STM32F1xx_HAL_Driver/Inc/stm32f1xx_hal_cortex.h Drivers/STM32F1xx_HAL_Driver/Inc/stm32f1xx_hal_flash.h Drivers/STM32F1xx_HAL_Driver/Inc/stm32f1xx_hal_flash_ex.h Drivers/STM32F1xx_HAL_Driver/Inc/stm32f1xx_hal_pwr.h Drivers/STM32F1xx_HAL_Driver/Inc/stm32f1xx_hal_tim.h Drivers/STM32F1xx_HAL_Driver/Inc/stm32f1xx_hal_tim_ex.h Middlewares/Third_Party/FreeRTOS/Source/CMSIS_RTOS_V2/cmsis_os.h Middlewares/Third_Party/FreeRTOS/Source/CMSIS_RTOS_V2/cmsis_os2.h | build
#  Implicit rule search has been done.
#  Implicit/static pattern stem: `freertos'
#  Last modified 2022-10-28 12:47:18
#  File has been updated.
#  Successfully updated.
# variable set hash-table stats:
# Load=0/32=0%, Rehash=0, Collisions=0/0=0%
#  commands to execute (from `Makefile', line 198):
	$(CC) -c $(CFLAGS) -Wa,-a,-ad,-alms=$(BUILD_DIR)/$(notdir $(<:.c=.lst)) $< -o $@
	

# Not a target:
Core/Src/Task/leddriver.cpp:
#  Implicit rule search has been done.
#  Last modified 2022-10-27 21:51:09
#  File has been updated.
#  Successfully updated.
# variable set hash-table stats:
# Load=0/32=0%, Rehash=0, Collisions=0/0=0%

Drivers/STM32F1xx_HAL_Driver/Inc/stm32f1xx_hal_dma.h:
#  Implicit rule search has been done.
#  Last modified 2022-10-27 21:09:24
#  File has been updated.
#  Successfully updated.
# variable set hash-table stats:
# Load=0/32=0%, Rehash=0, Collisions=0/0=0%

# Not a target:
build/stm32f1xx_hal_timebase_tim.d:
#  A default, MAKEFILES, or -include/sinclude makefile.
#  Implicit rule search has been done.
#  Last modified 2022-10-28 12:47:18
#  File has been updated.
#  Successfully updated.
# variable set hash-table stats:
# Load=0/32=0%, Rehash=0, Collisions=0/0=0%

# Not a target:
build/stm32f1xx_hal_flash.d:
#  A default, MAKEFILES, or -include/sinclude makefile.
#  Implicit rule search has been done.
#  Last modified 2022-10-28 12:47:19
#  File has been updated.
#  Successfully updated.
# variable set hash-table stats:
# Load=0/32=0%, Rehash=0, Collisions=0/0=0%

Drivers/STM32F1xx_HAL_Driver/Inc/stm32f1xx_hal_tim_ex.h:
#  Implicit rule search has been done.
#  Last modified 2022-10-27 21:09:24
#  File has been updated.
#  Successfully updated.
# variable set hash-table stats:
# Load=0/32=0%, Rehash=0, Collisions=0/0=0%

# Not a target:
Drivers/STM32F1xx_HAL_Driver/Src/stm32f1xx_hal_dma.c:
#  Implicit rule search has been done.
#  Last modified 2022-10-27 21:09:24
#  File has been updated.
#  Successfully updated.
# variable set hash-table stats:
# Load=0/32=0%, Rehash=0, Collisions=0/0=0%

# Not a target:
build/timers.d:
#  A default, MAKEFILES, or -include/sinclude makefile.
#  Implicit rule search has been done.
#  Last modified 2022-10-28 12:47:29
#  File has been updated.
#  Successfully updated.
# variable set hash-table stats:
# Load=0/32=0%, Rehash=0, Collisions=0/0=0%

# Not a target:
Drivers/STM32F1xx_HAL_Driver/Src/stm32f1xx_hal_flash.c:
#  Implicit rule search has been done.
#  Last modified 2022-10-27 21:09:24
#  File has been updated.
#  Successfully updated.
# variable set hash-table stats:
# Load=0/32=0%, Rehash=0, Collisions=0/0=0%

# Not a target:
build/stm32f1xx_hal_dma.d:
#  A default, MAKEFILES, or -include/sinclude makefile.
#  Implicit rule search has been done.
#  Last modified 2022-10-28 12:47:19
#  File has been updated.
#  Successfully updated.
# variable set hash-table stats:
# Load=0/32=0%, Rehash=0, Collisions=0/0=0%

Middlewares/Third_Party/FreeRTOS/Source/include/task.h:
#  Implicit rule search has been done.
#  Last modified 2022-10-27 21:09:24
#  File has been updated.
#  Successfully updated.
# variable set hash-table stats:
# Load=0/32=0%, Rehash=0, Collisions=0/0=0%

# Not a target:
build/stm32f1xx_hal_tim_ex.d:
#  A default, MAKEFILES, or -include/sinclude makefile.
#  Implicit rule search has been done.
#  Last modified 2022-10-28 12:47:25
#  File has been updated.
#  Successfully updated.
# variable set hash-table stats:
# Load=0/32=0%, Rehash=0, Collisions=0/0=0%

Middlewares/Third_Party/FreeRTOS/Source/CMSIS_RTOS_V2/cmsis_os2.h:
#  Implicit rule search has been done.
#  Last modified 2022-10-27 21:09:24
#  File has been updated.
#  Successfully updated.
# variable set hash-table stats:
# Load=0/32=0%, Rehash=0, Collisions=0/0=0%

# Not a target:
Drivers/STM32F1xx_HAL_Driver/Src/stm32f1xx_hal_tim_ex.c:
#  Implicit rule search has been done.
#  Last modified 2022-10-27 21:09:24
#  File has been updated.
#  Successfully updated.
# variable set hash-table stats:
# Load=0/32=0%, Rehash=0, Collisions=0/0=0%

# Not a target:
build/croutine.d:
#  A default, MAKEFILES, or -include/sinclude makefile.
#  Implicit rule search has been done.
#  Last modified 2022-10-28 12:47:26
#  File has been updated.
#  Successfully updated.
# variable set hash-table stats:
# Load=0/32=0%, Rehash=0, Collisions=0/0=0%

# Not a target:
Middlewares/Third_Party/FreeRTOS/Source/list.c:
#  Implicit rule search has been done.
#  Last modified 2022-10-27 21:09:24
#  File has been updated.
#  Successfully updated.
# variable set hash-table stats:
# Load=0/32=0%, Rehash=0, Collisions=0/0=0%

build/stm32f1xx_hal_tim.o: Drivers/STM32F1xx_HAL_Driver/Src/stm32f1xx_hal_tim.c Makefile Drivers/STM32F1xx_HAL_Driver/Src/stm32f1xx_hal_tim.c Drivers/STM32F1xx_HAL_Driver/Inc/stm32f1xx_hal.h Core/Inc/stm32f1xx_hal_conf.h Drivers/STM32F1xx_HAL_Driver/Inc/stm32f1xx_hal_rcc.h Drivers/STM32F1xx_HAL_Driver/Inc/stm32f1xx_hal_def.h Drivers/CMSIS/Device/ST/STM32F1xx/Include/stm32f1xx.h Drivers/CMSIS/Device/ST/STM32F1xx/Include/stm32f103xb.h Drivers/CMSIS/Include/core_cm3.h Drivers/CMSIS/Include/cmsis_version.h Drivers/CMSIS/Include/cmsis_compiler.h Drivers/CMSIS/Include/cmsis_gcc.h Drivers/CMSIS/Device/ST/STM32F1xx/Include/system_stm32f1xx.h Drivers/STM32F1xx_HAL_Driver/Inc/Legacy/stm32_hal_legacy.h Drivers/STM32F1xx_HAL_Driver/Inc/stm32f1xx_hal_rcc_ex.h Drivers/STM32F1xx_HAL_Driver/Inc/stm32f1xx_hal_gpio.h Drivers/STM32F1xx_HAL_Driver/Inc/stm32f1xx_hal_gpio_ex.h Drivers/STM32F1xx_HAL_Driver/Inc/stm32f1xx_hal_exti.h Drivers/STM32F1xx_HAL_Driver/Inc/stm32f1xx_hal_dma.h Drivers/STM32F1xx_HAL_Driver/Inc/stm32f1xx_hal_dma_ex.h Drivers/STM32F1xx_HAL_Driver/Inc/stm32f1xx_hal_cortex.h Drivers/STM32F1xx_HAL_Driver/Inc/stm32f1xx_hal_flash.h Drivers/STM32F1xx_HAL_Driver/Inc/stm32f1xx_hal_flash_ex.h Drivers/STM32F1xx_HAL_Driver/Inc/stm32f1xx_hal_pwr.h Drivers/STM32F1xx_HAL_Driver/Inc/stm32f1xx_hal_tim.h Drivers/STM32F1xx_HAL_Driver/Inc/stm32f1xx_hal_tim_ex.h | build
 
#  Implicit rule search has been done.
#  Implicit/static pattern stem: `stm32f1xx_hal_tim'
#  Last modified 2022-10-28 12:47:25
#  File has been updated.
#  Successfully updated.
# variable set hash-table stats:
# Load=0/32=0%, Rehash=0, Collisions=0/0=0%
#  commands to execute (from `Makefile', line 198):
	$(CC) -c $(CFLAGS) -Wa,-a,-ad,-alms=$(BUILD_DIR)/$(notdir $(<:.c=.lst)) $< -o $@
	

# Not a target:
.DEFAULT:
#  Implicit rule search has not been done.
#  Modification time never checked.
#  File has not been updated.

Drivers/STM32F1xx_HAL_Driver/Inc/stm32f1xx_hal_cortex.h:
#  Implicit rule search has been done.
#  Last modified 2022-10-27 21:09:24
#  File has been updated.
#  Successfully updated.
# variable set hash-table stats:
# Load=0/32=0%, Rehash=0, Collisions=0/0=0%

build/system_stm32f1xx.o: Core/Src/system_stm32f1xx.c Makefile Core/Src/system_stm32f1xx.c Drivers/CMSIS/Device/ST/STM32F1xx/Include/stm32f1xx.h Drivers/CMSIS/Device/ST/STM32F1xx/Include/stm32f103xb.h Drivers/CMSIS/Include/core_cm3.h Drivers/CMSIS/Include/cmsis_version.h Drivers/CMSIS/Include/cmsis_compiler.h Drivers/CMSIS/Include/cmsis_gcc.h Drivers/CMSIS/Device/ST/STM32F1xx/Include/system_stm32f1xx.h Drivers/STM32F1xx_HAL_Driver/Inc/stm32f1xx_hal.h Core/Inc/stm32f1xx_hal_conf.h Drivers/STM32F1xx_HAL_Driver/Inc/stm32f1xx_hal_rcc.h Drivers/STM32F1xx_HAL_Driver/Inc/stm32f1xx_hal_def.h Drivers/STM32F1xx_HAL_Driver/Inc/Legacy/stm32_hal_legacy.h Drivers/STM32F1xx_HAL_Driver/Inc/stm32f1xx_hal_rcc_ex.h Drivers/STM32F1xx_HAL_Driver/Inc/stm32f1xx_hal_gpio.h Drivers/STM32F1xx_HAL_Driver/Inc/stm32f1xx_hal_gpio_ex.h Drivers/STM32F1xx_HAL_Driver/Inc/stm32f1xx_hal_exti.h Drivers/STM32F1xx_HAL_Driver/Inc/stm32f1xx_hal_dma.h Drivers/STM32F1xx_HAL_Driver/Inc/stm32f1xx_hal_dma_ex.h Drivers/STM32F1xx_HAL_Driver/Inc/stm32f1xx_hal_cortex.h Drivers/STM32F1xx_HAL_Driver/Inc/stm32f1xx_hal_flash.h Drivers/STM32F1xx_HAL_Driver/Inc/stm32f1xx_hal_flash_ex.h Drivers/STM32F1xx_HAL_Driver/Inc/stm32f1xx_hal_pwr.h Drivers/STM32F1xx_HAL_Driver/Inc/stm32f1xx_hal_tim.h Drivers/STM32F1xx_HAL_Driver/Inc/stm32f1xx_hal_tim_ex.h | build
#  Implicit rule search has been done.
#  Implicit/static pattern stem: `system_stm32f1xx'
#  Last modified 2022-10-28 12:47:26
#  File has been updated.
#  Successfully updated.
# variable set hash-table stats:
# Load=0/32=0%, Rehash=0, Collisions=0/0=0%
#  commands to execute (from `Makefile', line 198):
	$(CC) -c $(CFLAGS) -Wa,-a,-ad,-alms=$(BUILD_DIR)/$(notdir $(<:.c=.lst)) $< -o $@
	

Middlewares/Third_Party/FreeRTOS/Source/portable/GCC/ARM_CM3/portmacro.h:
#  Implicit rule search has been done.
#  Last modified 2022-10-27 21:09:24
#  File has been updated.
#  Successfully updated.
# variable set hash-table stats:
# Load=0/32=0%, Rehash=0, Collisions=0/0=0%

build/port.o: Middlewares/Third_Party/FreeRTOS/Source/portable/GCC/ARM_CM3/port.c Makefile Middlewares/Third_Party/FreeRTOS/Source/portable/GCC/ARM_CM3/port.c Middlewares/Third_Party/FreeRTOS/Source/include/FreeRTOS.h Core/Inc/FreeRTOSConfig.h Middlewares/Third_Party/FreeRTOS/Source/include/projdefs.h Middlewares/Third_Party/FreeRTOS/Source/include/portable.h Middlewares/Third_Party/FreeRTOS/Source/include/deprecated_definitions.h Middlewares/Third_Party/FreeRTOS/Source/portable/GCC/ARM_CM3/portmacro.h Middlewares/Third_Party/FreeRTOS/Source/include/mpu_wrappers.h Middlewares/Third_Party/FreeRTOS/Source/include/task.h Middlewares/Third_Party/FreeRTOS/Source/include/list.h | build
#  Implicit rule search has been done.
#  Implicit/static pattern stem: `port'
#  Last modified 2022-10-28 12:47:30
#  File has been updated.
#  Successfully updated.
# variable set hash-table stats:
# Load=0/32=0%, Rehash=0, Collisions=0/0=0%
#  commands to execute (from `Makefile', line 198):
	$(CC) -c $(CFLAGS) -Wa,-a,-ad,-alms=$(BUILD_DIR)/$(notdir $(<:.c=.lst)) $< -o $@
	

# Not a target:
build/tasks.d:
#  A default, MAKEFILES, or -include/sinclude makefile.
#  Implicit rule search has been done.
#  Last modified 2022-10-28 12:47:27
#  File has been updated.
#  Successfully updated.
# variable set hash-table stats:
# Load=0/32=0%, Rehash=0, Collisions=0/0=0%

Drivers/STM32F1xx_HAL_Driver/Inc/stm32f1xx_hal_flash_ex.h:
#  Implicit rule search has been done.
#  Last modified 2022-10-27 21:09:24
#  File has been updated.
#  Successfully updated.
# variable set hash-table stats:
# Load=0/32=0%, Rehash=0, Collisions=0/0=0%

Drivers/CMSIS/Device/ST/STM32F1xx/Include/stm32f1xx.h:
#  Implicit rule search has been done.
#  Last modified 2022-10-27 21:09:27
#  File has been updated.
#  Successfully updated.
# variable set hash-table stats:
# Load=0/32=0%, Rehash=0, Collisions=0/0=0%

build/stm32f1xx_hal_pwr.o: Drivers/STM32F1xx_HAL_Driver/Src/stm32f1xx_hal_pwr.c Makefile Drivers/STM32F1xx_HAL_Driver/Src/stm32f1xx_hal_pwr.c Drivers/STM32F1xx_HAL_Driver/Inc/stm32f1xx_hal.h Core/Inc/stm32f1xx_hal_conf.h Drivers/STM32F1xx_HAL_Driver/Inc/stm32f1xx_hal_rcc.h Drivers/STM32F1xx_HAL_Driver/Inc/stm32f1xx_hal_def.h Drivers/CMSIS/Device/ST/STM32F1xx/Include/stm32f1xx.h Drivers/CMSIS/Device/ST/STM32F1xx/Include/stm32f103xb.h Drivers/CMSIS/Include/core_cm3.h Drivers/CMSIS/Include/cmsis_version.h Drivers/CMSIS/Include/cmsis_compiler.h Drivers/CMSIS/Include/cmsis_gcc.h Drivers/CMSIS/Device/ST/STM32F1xx/Include/system_stm32f1xx.h Drivers/STM32F1xx_HAL_Driver/Inc/Legacy/stm32_hal_legacy.h Drivers/STM32F1xx_HAL_Driver/Inc/stm32f1xx_hal_rcc_ex.h Drivers/STM32F1xx_HAL_Driver/Inc/stm32f1xx_hal_gpio.h Drivers/STM32F1xx_HAL_Driver/Inc/stm32f1xx_hal_gpio_ex.h Drivers/STM32F1xx_HAL_Driver/Inc/stm32f1xx_hal_exti.h Drivers/STM32F1xx_HAL_Driver/Inc/stm32f1xx_hal_dma.h Drivers/STM32F1xx_HAL_Driver/Inc/stm32f1xx_hal_dma_ex.h Drivers/STM32F1xx_HAL_Driver/Inc/stm32f1xx_hal_cortex.h Drivers/STM32F1xx_HAL_Driver/Inc/stm32f1xx_hal_flash.h Drivers/STM32F1xx_HAL_Driver/Inc/stm32f1xx_hal_flash_ex.h Drivers/STM32F1xx_HAL_Driver/Inc/stm32f1xx_hal_pwr.h Drivers/STM32F1xx_HAL_Driver/Inc/stm32f1xx_hal_tim.h Drivers/STM32F1xx_HAL_Driver/Inc/stm32f1xx_hal_tim_ex.h | build
#  Implicit rule search has been done.
#  Implicit/static pattern stem: `stm32f1xx_hal_pwr'
#  Last modified 2022-10-28 12:47:19
#  File has been updated.
#  Successfully updated.
# variable set hash-table stats:
# Load=0/32=0%, Rehash=0, Collisions=0/0=0%
#  commands to execute (from `Makefile', line 198):
	$(CC) -c $(CFLAGS) -Wa,-a,-ad,-alms=$(BUILD_DIR)/$(notdir $(<:.c=.lst)) $< -o $@
	

Core/Inc/main.h:
#  Implicit rule search has been done.
#  Last modified 2022-10-27 21:30:14
#  File has been updated.
#  Successfully updated.
# variable set hash-table stats:
# Load=0/32=0%, Rehash=0, Collisions=0/0=0%

# Not a target:
Drivers/STM32F1xx_HAL_Driver/Src/stm32f1xx_hal_cortex.c:
 
#  Implicit rule search has been done.
#  Last modified 2022-10-27 21:09:24
#  File has been updated.
#  Successfully updated.
# variable set hash-table stats:
# Load=0/32=0%, Rehash=0, Collisions=0/0=0%

# Not a target:
Drivers/STM32F1xx_HAL_Driver/Src/stm32f1xx_hal.c:
#  Implicit rule search has been done.
#  Last modified 2022-10-27 21:09:24
#  File has been updated.
#  Successfully updated.
# variable set hash-table stats:
# Load=0/32=0%, Rehash=0, Collisions=0/0=0%

clean:
#  Implicit rule search has not been done.
#  Modification time never checked.
#  File has not been updated.
#  commands to execute (from `Makefile', line 223):
	-rm -fR $(BUILD_DIR)
	

Drivers/STM32F1xx_HAL_Driver/Inc/stm32f1xx_hal_dma_ex.h:
#  Implicit rule search has been done.
#  Last modified 2022-10-27 21:09:24
#  File has been updated.
#  Successfully updated.
# variable set hash-table stats:
# Load=0/32=0%, Rehash=0, Collisions=0/0=0%

# Not a target:
build/list.d:
#  A default, MAKEFILES, or -include/sinclude makefile.
#  Implicit rule search has been done.
#  Last modified 2022-10-28 12:47:26
#  File has been updated.
#  Successfully updated.
# variable set hash-table stats:
# Load=0/32=0%, Rehash=0, Collisions=0/0=0%

Drivers/STM32F1xx_HAL_Driver/Inc/stm32f1xx_hal_def.h:
#  Implicit rule search has been done.
#  Last modified 2022-10-27 21:09:24
#  File has been updated.
#  Successfully updated.
# variable set hash-table stats:
# Load=0/32=0%, Rehash=0, Collisions=0/0=0%

# Not a target:
Middlewares/Third_Party/FreeRTOS/Source/tasks.c:
#  Implicit rule search has been done.
#  Last modified 2022-10-27 21:09:24
#  File has been updated.
#  Successfully updated.
# variable set hash-table stats:
# Load=0/32=0%, Rehash=0, Collisions=0/0=0%

Middlewares/Third_Party/FreeRTOS/Source/include/event_groups.h:
#  Implicit rule search has been done.
#  Last modified 2022-10-27 21:09:24
#  File has been updated.
#  Successfully updated.
# variable set hash-table stats:
# Load=0/32=0%, Rehash=0, Collisions=0/0=0%

# Not a target:
Drivers/STM32F1xx_HAL_Driver/Src/stm32f1xx_hal_tim.c:
#  Implicit rule search has been done.
#  Last modified 2022-10-27 21:09:24
#  File has been updated.
#  Successfully updated.
# variable set hash-table stats:
# Load=0/32=0%, Rehash=0, Collisions=0/0=0%

# Not a target:
Drivers/STM32F1xx_HAL_Driver/Src/stm32f1xx_hal_flash_ex.c:
#  Implicit rule search has been done.
#  Last modified 2022-10-27 21:09:24
#  File has been updated.
#  Successfully updated.
# variable set hash-table stats:
# Load=0/32=0%, Rehash=0, Collisions=0/0=0%

build/mytask.o: Core/Src/Task/mytask.cpp Makefile | build
#  Implicit rule search has been done.
#  Implicit/static pattern stem: `mytask'
#  Last modified 2022-10-28 12:47:30
#  File has been updated.
#  Successfully updated.
# variable set hash-table stats:
# Load=0/32=0%, Rehash=0, Collisions=0/0=0%
#  commands to execute (from `Makefile', line 201):
	$(CPP) -c $(CPPFLAGS)  -Wa,-a,-ad,-alms=$(BUILD_DIR)/$(notdir $(<:.cpp=.lst)) $< -o $@
	

# Not a target:
Core/Src/stm32f1xx_hal_msp.c:
#  Implicit rule search has been done.
#  Last modified 2022-10-27 21:09:23
#  File has been updated.
#  Successfully updated.
# variable set hash-table stats:
# Load=0/32=0%, Rehash=0, Collisions=0/0=0%

Drivers/STM32F1xx_HAL_Driver/Inc/stm32f1xx_hal_gpio.h:
#  Implicit rule search has been done.
#  Last modified 2022-10-27 21:09:24
#  File has been updated.
#  Successfully updated.
# variable set hash-table stats:
# Load=0/32=0%, Rehash=0, Collisions=0/0=0%

# Not a target:
interface/stlink-v2.cfg:
#  Implicit rule search has not been done.
#  Modification time never checked.
#  File has not been updated.

build/stm32f1xx_hal_flash.o: Drivers/STM32F1xx_HAL_Driver/Src/stm32f1xx_hal_flash.c Makefile Drivers/STM32F1xx_HAL_Driver/Src/stm32f1xx_hal_flash.c Drivers/STM32F1xx_HAL_Driver/Inc/stm32f1xx_hal.h Core/Inc/stm32f1xx_hal_conf.h Drivers/STM32F1xx_HAL_Driver/Inc/stm32f1xx_hal_rcc.h Drivers/STM32F1xx_HAL_Driver/Inc/stm32f1xx_hal_def.h Drivers/CMSIS/Device/ST/STM32F1xx/Include/stm32f1xx.h Drivers/CMSIS/Device/ST/STM32F1xx/Include/stm32f103xb.h Drivers/CMSIS/Include/core_cm3.h Drivers/CMSIS/Include/cmsis_version.h Drivers/CMSIS/Include/cmsis_compiler.h Drivers/CMSIS/Include/cmsis_gcc.h Drivers/CMSIS/Device/ST/STM32F1xx/Include/system_stm32f1xx.h Drivers/STM32F1xx_HAL_Driver/Inc/Legacy/stm32_hal_legacy.h Drivers/STM32F1xx_HAL_Driver/Inc/stm32f1xx_hal_rcc_ex.h Drivers/STM32F1xx_HAL_Driver/Inc/stm32f1xx_hal_gpio.h Drivers/STM32F1xx_HAL_Driver/Inc/stm32f1xx_hal_gpio_ex.h Drivers/STM32F1xx_HAL_Driver/Inc/stm32f1xx_hal_exti.h Drivers/STM32F1xx_HAL_Driver/Inc/stm32f1xx_hal_dma.h Drivers/STM32F1xx_HAL_Driver/Inc/stm32f1xx_hal_dma_ex.h Drivers/STM32F1xx_HAL_Driver/Inc/stm32f1xx_hal_cortex.h Drivers/STM32F1xx_HAL_Driver/Inc/stm32f1xx_hal_flash.h Drivers/STM32F1xx_HAL_Driver/Inc/stm32f1xx_hal_flash_ex.h Drivers/STM32F1xx_HAL_Driver/Inc/stm32f1xx_hal_pwr.h Drivers/STM32F1xx_HAL_Driver/Inc/stm32f1xx_hal_tim.h Drivers/STM32F1xx_HAL_Driver/Inc/stm32f1xx_hal_tim_ex.h | build
#  Implicit rule search has been done.
#  Implicit/static pattern stem: `stm32f1xx_hal_flash'
#  Last modified 2022-10-28 12:47:19
#  File has been updated.
#  Successfully updated.
# variable set hash-table stats:
# Load=0/32=0%, Rehash=0, Collisions=0/0=0%
#  commands to execute (from `Makefile', line 198):
	$(CC) -c $(CFLAGS) -Wa,-a,-ad,-alms=$(BUILD_DIR)/$(notdir $(<:.c=.lst)) $< -o $@
	

# Not a target:
verify:
#  Implicit rule search has not been done.
#  Modification time never checked.
#  File has not been updated.

Drivers/STM32F1xx_HAL_Driver/Inc/stm32f1xx_hal.h:
#  Implicit rule search has been done.
#  Last modified 2022-10-27 21:09:24
#  File has been updated.
#  Successfully updated.
# variable set hash-table stats:
# Load=0/32=0%, Rehash=0, Collisions=0/0=0%

# Not a target:
build/stm32f1xx_hal_cortex.d:
#  A default, MAKEFILES, or -include/sinclude makefile.
#  Implicit rule search has been done.
#  Last modified 2022-10-28 12:47:19
#  File has been updated.
#  Successfully updated.
# variable set hash-table stats:
# Load=0/32=0%, Rehash=0, Collisions=0/0=0%

build/stm32f1xx_hal_flash_ex.o: Drivers/STM32F1xx_HAL_Driver/Src/stm32f1xx_hal_flash_ex.c Makefile Drivers/STM32F1xx_HAL_Driver/Src/stm32f1xx_hal_flash_ex.c Drivers/STM32F1xx_HAL_Driver/Inc/stm32f1xx_hal.h Core/Inc/stm32f1xx_hal_conf.h Drivers/STM32F1xx_HAL_Driver/Inc/stm32f1xx_hal_rcc.h Drivers/STM32F1xx_HAL_Driver/Inc/stm32f1xx_hal_def.h Drivers/CMSIS/Device/ST/STM32F1xx/Include/stm32f1xx.h Drivers/CMSIS/Device/ST/STM32F1xx/Include/stm32f103xb.h Drivers/CMSIS/Include/core_cm3.h Drivers/CMSIS/Include/cmsis_version.h Drivers/CMSIS/Include/cmsis_compiler.h Drivers/CMSIS/Include/cmsis_gcc.h Drivers/CMSIS/Device/ST/STM32F1xx/Include/system_stm32f1xx.h Drivers/STM32F1xx_HAL_Driver/Inc/Legacy/stm32_hal_legacy.h Drivers/STM32F1xx_HAL_Driver/Inc/stm32f1xx_hal_rcc_ex.h Drivers/STM32F1xx_HAL_Driver/Inc/stm32f1xx_hal_gpio.h Drivers/STM32F1xx_HAL_Driver/Inc/stm32f1xx_hal_gpio_ex.h Drivers/STM32F1xx_HAL_Driver/Inc/stm32f1xx_hal_exti.h Drivers/STM32F1xx_HAL_Driver/Inc/stm32f1xx_hal_dma.h Drivers/STM32F1xx_HAL_Driver/Inc/stm32f1xx_hal_dma_ex.h Drivers/STM32F1xx_HAL_Driver/Inc/stm32f1xx_hal_cortex.h Drivers/STM32F1xx_HAL_Driver/Inc/stm32f1xx_hal_flash.h Drivers/STM32F1xx_HAL_Driver/Inc/stm32f1xx_hal_flash_ex.h Drivers/STM32F1xx_HAL_Driver/Inc/stm32f1xx_hal_pwr.h Drivers/STM32F1xx_HAL_Driver/Inc/stm32f1xx_hal_tim.h Drivers/STM32F1xx_HAL_Driver/Inc/stm32f1xx_hal_tim_ex.h | build
#  Implicit rule search has been done.
#  Implicit/static pattern stem: `stm32f1xx_hal_flash_ex'
#  Last modified 2022-10-28 12:47:19
#  File has been updated.
#  Successfully updated.
# variable set hash-table stats:
# Load=0/32=0%, Rehash=0, Collisions=0/0=0%
#  commands to execute (from `Makefile', line 198):
	$(CC) -c $(CFLAGS) -Wa,-a,-ad,-alms=$(BUILD_DIR)/$(notdir $(<:.c=.lst)) $< -o $@
	

# Not a target:
build/stm32f1xx_hal_gpio.d:
 
#  A default, MAKEFILES, or -include/sinclude makefile.
#  Implicit rule search has been done.
#  Last modified 2022-10-28 12:47:19
#  File has been updated.
#  Successfully updated.
# variable set hash-table stats:
# Load=0/32=0%, Rehash=0, Collisions=0/0=0%

# Not a target:
build/stm32f1xx_hal_msp.d:
#  A default, MAKEFILES, or -include/sinclude makefile.
#  Implicit rule search has been done.
#  Last modified 2022-10-28 12:47:18
#  File has been updated.
#  Successfully updated.
# variable set hash-table stats:
# Load=0/32=0%, Rehash=0, Collisions=0/0=0%

build/stm32f1xx_hal_timebase_tim.o: Core/Src/stm32f1xx_hal_timebase_tim.c Makefile Core/Src/stm32f1xx_hal_timebase_tim.c Drivers/STM32F1xx_HAL_Driver/Inc/stm32f1xx_hal.h Core/Inc/stm32f1xx_hal_conf.h Drivers/STM32F1xx_HAL_Driver/Inc/stm32f1xx_hal_rcc.h Drivers/STM32F1xx_HAL_Driver/Inc/stm32f1xx_hal_def.h Drivers/CMSIS/Device/ST/STM32F1xx/Include/stm32f1xx.h Drivers/CMSIS/Device/ST/STM32F1xx/Include/stm32f103xb.h Drivers/CMSIS/Include/core_cm3.h Drivers/CMSIS/Include/cmsis_version.h Drivers/CMSIS/Include/cmsis_compiler.h Drivers/CMSIS/Include/cmsis_gcc.h Drivers/CMSIS/Device/ST/STM32F1xx/Include/system_stm32f1xx.h Drivers/STM32F1xx_HAL_Driver/Inc/Legacy/stm32_hal_legacy.h Drivers/STM32F1xx_HAL_Driver/Inc/stm32f1xx_hal_rcc_ex.h Drivers/STM32F1xx_HAL_Driver/Inc/stm32f1xx_hal_gpio.h Drivers/STM32F1xx_HAL_Driver/Inc/stm32f1xx_hal_gpio_ex.h Drivers/STM32F1xx_HAL_Driver/Inc/stm32f1xx_hal_exti.h Drivers/STM32F1xx_HAL_Driver/Inc/stm32f1xx_hal_dma.h Drivers/STM32F1xx_HAL_Driver/Inc/stm32f1xx_hal_dma_ex.h Drivers/STM32F1xx_HAL_Driver/Inc/stm32f1xx_hal_cortex.h Drivers/STM32F1xx_HAL_Driver/Inc/stm32f1xx_hal_flash.h Drivers/STM32F1xx_HAL_Driver/Inc/stm32f1xx_hal_flash_ex.h Drivers/STM32F1xx_HAL_Driver/Inc/stm32f1xx_hal_pwr.h Drivers/STM32F1xx_HAL_Driver/Inc/stm32f1xx_hal_tim.h Drivers/STM32F1xx_HAL_Driver/Inc/stm32f1xx_hal_tim_ex.h | build
#  Implicit rule search has been done.
#  Implicit/static pattern stem: `stm32f1xx_hal_timebase_tim'
#  Last modified 2022-10-28 12:47:18
#  File has been updated.
#  Successfully updated.
# variable set hash-table stats:
# Load=0/32=0%, Rehash=0, Collisions=0/0=0%
#  commands to execute (from `Makefile', line 198):
	$(CC) -c $(CFLAGS) -Wa,-a,-ad,-alms=$(BUILD_DIR)/$(notdir $(<:.c=.lst)) $< -o $@
	

build/stm32f1xx_hal_dma.o: Drivers/STM32F1xx_HAL_Driver/Src/stm32f1xx_hal_dma.c Makefile Drivers/STM32F1xx_HAL_Driver/Src/stm32f1xx_hal_dma.c Drivers/STM32F1xx_HAL_Driver/Inc/stm32f1xx_hal.h Core/Inc/stm32f1xx_hal_conf.h Drivers/STM32F1xx_HAL_Driver/Inc/stm32f1xx_hal_rcc.h Drivers/STM32F1xx_HAL_Driver/Inc/stm32f1xx_hal_def.h Drivers/CMSIS/Device/ST/STM32F1xx/Include/stm32f1xx.h Drivers/CMSIS/Device/ST/STM32F1xx/Include/stm32f103xb.h Drivers/CMSIS/Include/core_cm3.h Drivers/CMSIS/Include/cmsis_version.h Drivers/CMSIS/Include/cmsis_compiler.h Drivers/CMSIS/Include/cmsis_gcc.h Drivers/CMSIS/Device/ST/STM32F1xx/Include/system_stm32f1xx.h Drivers/STM32F1xx_HAL_Driver/Inc/Legacy/stm32_hal_legacy.h Drivers/STM32F1xx_HAL_Driver/Inc/stm32f1xx_hal_rcc_ex.h Drivers/STM32F1xx_HAL_Driver/Inc/stm32f1xx_hal_gpio.h Drivers/STM32F1xx_HAL_Driver/Inc/stm32f1xx_hal_gpio_ex.h Drivers/STM32F1xx_HAL_Driver/Inc/stm32f1xx_hal_exti.h Drivers/STM32F1xx_HAL_Driver/Inc/stm32f1xx_hal_dma.h Drivers/STM32F1xx_HAL_Driver/Inc/stm32f1xx_hal_dma_ex.h Drivers/STM32F1xx_HAL_Driver/Inc/stm32f1xx_hal_cortex.h Drivers/STM32F1xx_HAL_Driver/Inc/stm32f1xx_hal_flash.h Drivers/STM32F1xx_HAL_Driver/Inc/stm32f1xx_hal_flash_ex.h Drivers/STM32F1xx_HAL_Driver/Inc/stm32f1xx_hal_pwr.h Drivers/STM32F1xx_HAL_Driver/Inc/stm32f1xx_hal_tim.h Drivers/STM32F1xx_HAL_Driver/Inc/stm32f1xx_hal_tim_ex.h | build
#  Implicit rule search has been done.
#  Implicit/static pattern stem: `stm32f1xx_hal_dma'
#  Last modified 2022-10-28 12:47:19
#  File has been updated.
#  Successfully updated.
# variable set hash-table stats:
# Load=0/32=0%, Rehash=0, Collisions=0/0=0%
#  commands to execute (from `Makefile', line 198):
	$(CC) -c $(CFLAGS) -Wa,-a,-ad,-alms=$(BUILD_DIR)/$(notdir $(<:.c=.lst)) $< -o $@
	

Drivers/STM32F1xx_HAL_Driver/Inc/stm32f1xx_hal_rcc.h:
#  Implicit rule search has been done.
#  Last modified 2022-10-27 21:09:24
#  File has been updated.
#  Successfully updated.
# variable set hash-table stats:
# Load=0/32=0%, Rehash=0, Collisions=0/0=0%

build/stm32f1xx_hal_tim_ex.o: Drivers/STM32F1xx_HAL_Driver/Src/stm32f1xx_hal_tim_ex.c Makefile Drivers/STM32F1xx_HAL_Driver/Src/stm32f1xx_hal_tim_ex.c Drivers/STM32F1xx_HAL_Driver/Inc/stm32f1xx_hal.h Core/Inc/stm32f1xx_hal_conf.h Drivers/STM32F1xx_HAL_Driver/Inc/stm32f1xx_hal_rcc.h Drivers/STM32F1xx_HAL_Driver/Inc/stm32f1xx_hal_def.h Drivers/CMSIS/Device/ST/STM32F1xx/Include/stm32f1xx.h Drivers/CMSIS/Device/ST/STM32F1xx/Include/stm32f103xb.h Drivers/CMSIS/Include/core_cm3.h Drivers/CMSIS/Include/cmsis_version.h Drivers/CMSIS/Include/cmsis_compiler.h Drivers/CMSIS/Include/cmsis_gcc.h Drivers/CMSIS/Device/ST/STM32F1xx/Include/system_stm32f1xx.h Drivers/STM32F1xx_HAL_Driver/Inc/Legacy/stm32_hal_legacy.h Drivers/STM32F1xx_HAL_Driver/Inc/stm32f1xx_hal_rcc_ex.h Drivers/STM32F1xx_HAL_Driver/Inc/stm32f1xx_hal_gpio.h Drivers/STM32F1xx_HAL_Driver/Inc/stm32f1xx_hal_gpio_ex.h Drivers/STM32F1xx_HAL_Driver/Inc/stm32f1xx_hal_exti.h Drivers/STM32F1xx_HAL_Driver/Inc/stm32f1xx_hal_dma.h Drivers/STM32F1xx_HAL_Driver/Inc/stm32f1xx_hal_dma_ex.h Drivers/STM32F1xx_HAL_Driver/Inc/stm32f1xx_hal_cortex.h Drivers/STM32F1xx_HAL_Driver/Inc/stm32f1xx_hal_flash.h Drivers/STM32F1xx_HAL_Driver/Inc/stm32f1xx_hal_flash_ex.h Drivers/STM32F1xx_HAL_Driver/Inc/stm32f1xx_hal_pwr.h Drivers/STM32F1xx_HAL_Driver/Inc/stm32f1xx_hal_tim.h Drivers/STM32F1xx_HAL_Driver/Inc/stm32f1xx_hal_tim_ex.h | build
#  Implicit rule search has been done.
#  Implicit/static pattern stem: `stm32f1xx_hal_tim_ex'
#  Last modified 2022-10-28 12:47:26
#  File has been updated.
#  Successfully updated.
# variable set hash-table stats:
# Load=0/32=0%, Rehash=0, Collisions=0/0=0%
#  commands to execute (from `Makefile', line 198):
	$(CC) -c $(CFLAGS) -Wa,-a,-ad,-alms=$(BUILD_DIR)/$(notdir $(<:.c=.lst)) $< -o $@
	

# Not a target:
build/stm32f1xx_hal.d:
#  A default, MAKEFILES, or -include/sinclude makefile.
#  Implicit rule search has been done.
#  Last modified 2022-10-28 12:47:18
#  File has been updated.
#  Successfully updated.
# variable set hash-table stats:
# Load=0/32=0%, Rehash=0, Collisions=0/0=0%

# Not a target:
Drivers/STM32F1xx_HAL_Driver/Src/stm32f1xx_hal_gpio.c:
#  Implicit rule search has been done.
#  Last modified 2022-10-27 21:09:24
#  File has been updated.
#  Successfully updated.
# variable set hash-table stats:
# Load=0/32=0%, Rehash=0, Collisions=0/0=0%

# Not a target:
-f:
#  Implicit rule search has not been done.
#  Modification time never checked.
#  File has not been updated.

Core/Inc/FreeRTOSConfig.h:
#  Implicit rule search has been done.
#  Last modified 2022-10-27 21:09:23
#  File has been updated.
#  Successfully updated.
# variable set hash-table stats:
# Load=0/32=0%, Rehash=0, Collisions=0/0=0%

# Not a target:
Middlewares/Third_Party/FreeRTOS/Source/portable/MemMang/heap_4.c:
#  Implicit rule search has been done.
#  Last modified 2022-10-27 21:09:24
#  File has been updated.
#  Successfully updated.
# variable set hash-table stats:
# Load=0/32=0%, Rehash=0, Collisions=0/0=0%

# Not a target:
build/heap_4.d:
#  A default, MAKEFILES, or -include/sinclude makefile.
#  Implicit rule search has been done.
#  Last modified 2022-10-28 12:47:29
#  File has been updated.
#  Successfully updated.
# variable set hash-table stats:
# Load=0/32=0%, Rehash=0, Collisions=0/0=0%

# Not a target:
build/stm32f1xx_hal_rcc.d:
#  A default, MAKEFILES, or -include/sinclude makefile.
#  Implicit rule search has been done.
#  Last modified 2022-10-28 12:47:18
#  File has been updated.
#  Successfully updated.
# variable set hash-table stats:
# Load=0/32=0%, Rehash=0, Collisions=0/0=0%

 
build/croutine.o: Middlewares/Third_Party/FreeRTOS/Source/croutine.c Makefile Middlewares/Third_Party/FreeRTOS/Source/croutine.c Middlewares/Third_Party/FreeRTOS/Source/include/FreeRTOS.h Core/Inc/FreeRTOSConfig.h Middlewares/Third_Party/FreeRTOS/Source/include/projdefs.h Middlewares/Third_Party/FreeRTOS/Source/include/portable.h Middlewares/Third_Party/FreeRTOS/Source/include/deprecated_definitions.h Middlewares/Third_Party/FreeRTOS/Source/portable/GCC/ARM_CM3/portmacro.h Middlewares/Third_Party/FreeRTOS/Source/include/mpu_wrappers.h Middlewares/Third_Party/FreeRTOS/Source/include/task.h Middlewares/Third_Party/FreeRTOS/Source/include/list.h Middlewares/Third_Party/FreeRTOS/Source/include/croutine.h | build
#  Implicit rule search has been done.
#  Implicit/static pattern stem: `croutine'
#  Last modified 2022-10-28 12:47:26
#  File has been updated.
#  Successfully updated.
# variable set hash-table stats:
# Load=0/32=0%, Rehash=0, Collisions=0/0=0%
#  commands to execute (from `Makefile', line 198):
	$(CC) -c $(CFLAGS) -Wa,-a,-ad,-alms=$(BUILD_DIR)/$(notdir $(<:.c=.lst)) $< -o $@
	

Drivers/STM32F1xx_HAL_Driver/Inc/stm32f1xx_hal_exti.h:
#  Implicit rule search has been done.
#  Last modified 2022-10-27 21:09:24
#  File has been updated.
#  Successfully updated.
# variable set hash-table stats:
# Load=0/32=0%, Rehash=0, Collisions=0/0=0%

Middlewares/Third_Party/FreeRTOS/Source/include/stream_buffer.h:
#  Implicit rule search has been done.
#  Last modified 2022-10-27 21:09:24
#  File has been updated.
#  Successfully updated.
# variable set hash-table stats:
# Load=0/32=0%, Rehash=0, Collisions=0/0=0%

Middlewares/Third_Party/FreeRTOS/Source/include/deprecated_definitions.h:
#  Implicit rule search has been done.
#  Last modified 2022-10-27 21:09:24
#  File has been updated.
#  Successfully updated.
# variable set hash-table stats:
# Load=0/32=0%, Rehash=0, Collisions=0/0=0%

# Not a target:
Middlewares/Third_Party/FreeRTOS/Source/stream_buffer.c:
#  Implicit rule search has been done.
#  Last modified 2022-10-27 21:09:24
#  File has been updated.
#  Successfully updated.
# variable set hash-table stats:
# Load=0/32=0%, Rehash=0, Collisions=0/0=0%

# Not a target:
Drivers/STM32F1xx_HAL_Driver/Src/stm32f1xx_hal_rcc.c:
#  Implicit rule search has been done.
#  Last modified 2022-10-27 21:09:24
#  File has been updated.
#  Successfully updated.
# variable set hash-table stats:
# Load=0/32=0%, Rehash=0, Collisions=0/0=0%

# Not a target:
Middlewares/Third_Party/FreeRTOS/Source/event_groups.c:
#  Implicit rule search has been done.
#  Last modified 2022-10-27 21:09:24
#  File has been updated.
#  Successfully updated.
# variable set hash-table stats:
# Load=0/32=0%, Rehash=0, Collisions=0/0=0%

Middlewares/Third_Party/FreeRTOS/Source/include/queue.h:
#  Implicit rule search has been done.
#  Last modified 2022-10-27 21:09:24
#  File has been updated.
#  Successfully updated.
# variable set hash-table stats:
# Load=0/32=0%, Rehash=0, Collisions=0/0=0%

build/timers.o: Middlewares/Third_Party/FreeRTOS/Source/timers.c Makefile Middlewares/Third_Party/FreeRTOS/Source/timers.c Middlewares/Third_Party/FreeRTOS/Source/include/FreeRTOS.h Core/Inc/FreeRTOSConfig.h Middlewares/Third_Party/FreeRTOS/Source/include/projdefs.h Middlewares/Third_Party/FreeRTOS/Source/include/portable.h Middlewares/Third_Party/FreeRTOS/Source/include/deprecated_definitions.h Middlewares/Third_Party/FreeRTOS/Source/portable/GCC/ARM_CM3/portmacro.h Middlewares/Third_Party/FreeRTOS/Source/include/mpu_wrappers.h Middlewares/Third_Party/FreeRTOS/Source/include/task.h Middlewares/Third_Party/FreeRTOS/Source/include/list.h Middlewares/Third_Party/FreeRTOS/Source/include/queue.h Middlewares/Third_Party/FreeRTOS/Source/include/timers.h Middlewares/Third_Party/FreeRTOS/Source/include/task.h | build
#  Implicit rule search has been done.
#  Implicit/static pattern stem: `timers'
#  Last modified 2022-10-28 12:47:29
#  File has been updated.
#  Successfully updated.
# variable set hash-table stats:
# Load=0/32=0%, Rehash=0, Collisions=0/0=0%
#  commands to execute (from `Makefile', line 198):
	$(CC) -c $(CFLAGS) -Wa,-a,-ad,-alms=$(BUILD_DIR)/$(notdir $(<:.c=.lst)) $< -o $@
	

# Not a target:
build/freertos.d:
#  A default, MAKEFILES, or -include/sinclude makefile.
#  Implicit rule search has been done.
#  Last modified 2022-10-28 12:47:18
#  File has been updated.
#  Successfully updated.
# variable set hash-table stats:
# Load=0/32=0%, Rehash=0, Collisions=0/0=0%

Core/Inc/stm32f1xx_it.h:
#  Implicit rule search has been done.
#  Last modified 2022-10-27 21:09:23
#  File has been updated.
#  Successfully updated.
# variable set hash-table stats:
# Load=0/32=0%, Rehash=0, Collisions=0/0=0%

# Not a target:
target/stm32f7x.cfg:
#  Implicit rule search has not been done.
#  Modification time never checked.
#  File has not been updated.

# Not a target:
build/stm32f1xx_hal_exti.d:
#  A default, MAKEFILES, or -include/sinclude makefile.
#  Implicit rule search has been done.
#  Last modified 2022-10-28 12:47:19
#  File has been updated.
#  Successfully updated.
# variable set hash-table stats:
# Load=0/32=0%, Rehash=0, Collisions=0/0=0%

build/leddriver.o: Core/Src/Task/leddriver.cpp Makefile | build
#  Implicit rule search has been done.
#  Implicit/static pattern stem: `leddriver'
#  Last modified 2022-10-28 12:47:30
#  File has been updated.
#  Successfully updated.
# variable set hash-table stats:
 
# Load=0/32=0%, Rehash=0, Collisions=0/0=0%
#  commands to execute (from `Makefile', line 201):
	$(CPP) -c $(CPPFLAGS)  -Wa,-a,-ad,-alms=$(BUILD_DIR)/$(notdir $(<:.cpp=.lst)) $< -o $@
	

# Not a target:
build/startup_stm32f103xb.d:
#  A default, MAKEFILES, or -include/sinclude makefile.
#  Implicit rule search has been done.
#  Last modified 2022-10-28 12:47:30
#  File has been updated.
#  Successfully updated.
# variable set hash-table stats:
# Load=0/32=0%, Rehash=0, Collisions=0/0=0%

build/tasks.o: Middlewares/Third_Party/FreeRTOS/Source/tasks.c Makefile Middlewares/Third_Party/FreeRTOS/Source/tasks.c Middlewares/Third_Party/FreeRTOS/Source/include/FreeRTOS.h Core/Inc/FreeRTOSConfig.h Middlewares/Third_Party/FreeRTOS/Source/include/projdefs.h Middlewares/Third_Party/FreeRTOS/Source/include/portable.h Middlewares/Third_Party/FreeRTOS/Source/include/deprecated_definitions.h Middlewares/Third_Party/FreeRTOS/Source/portable/GCC/ARM_CM3/portmacro.h Middlewares/Third_Party/FreeRTOS/Source/include/mpu_wrappers.h Middlewares/Third_Party/FreeRTOS/Source/include/task.h Middlewares/Third_Party/FreeRTOS/Source/include/list.h Middlewares/Third_Party/FreeRTOS/Source/include/timers.h Middlewares/Third_Party/FreeRTOS/Source/include/task.h Middlewares/Third_Party/FreeRTOS/Source/include/stack_macros.h | build
#  Implicit rule search has been done.
#  Implicit/static pattern stem: `tasks'
#  Last modified 2022-10-28 12:47:29
#  File has been updated.
#  Successfully updated.
# variable set hash-table stats:
# Load=0/32=0%, Rehash=0, Collisions=0/0=0%
#  commands to execute (from `Makefile', line 198):
	$(CC) -c $(CFLAGS) -Wa,-a,-ad,-alms=$(BUILD_DIR)/$(notdir $(<:.c=.lst)) $< -o $@
	

# Not a target:
build/cmsis_os2.d:
#  A default, MAKEFILES, or -include/sinclude makefile.
#  Implicit rule search has been done.
#  Last modified 2022-10-28 12:47:29
#  File has been updated.
#  Successfully updated.
# variable set hash-table stats:
# Load=0/32=0%, Rehash=0, Collisions=0/0=0%

Core/Inc/gpio.h:
#  Implicit rule search has been done.
#  Last modified 2022-10-27 21:09:22
#  File has been updated.
#  Successfully updated.
# variable set hash-table stats:
# Load=0/32=0%, Rehash=0, Collisions=0/0=0%

# Not a target:
Drivers/STM32F1xx_HAL_Driver/Src/stm32f1xx_hal_exti.c:
#  Implicit rule search has been done.
#  Last modified 2022-10-27 21:09:24
#  File has been updated.
#  Successfully updated.
# variable set hash-table stats:
# Load=0/32=0%, Rehash=0, Collisions=0/0=0%

Middlewares/Third_Party/FreeRTOS/Source/include/mpu_wrappers.h:
#  Implicit rule search has been done.
#  Last modified 2022-10-27 21:09:24
#  File has been updated.
#  Successfully updated.
# variable set hash-table stats:
# Load=0/32=0%, Rehash=0, Collisions=0/0=0%

# Not a target:
startup_stm32f103xb.s:
#  Implicit rule search has been done.
#  Last modified 2022-05-31 19:51:41
#  File has been updated.
#  Successfully updated.
# variable set hash-table stats:
# Load=0/32=0%, Rehash=0, Collisions=0/0=0%

Drivers/STM32F1xx_HAL_Driver/Inc/stm32f1xx_hal_gpio_ex.h:
#  Implicit rule search has been done.
#  Last modified 2022-10-27 21:09:24
#  File has been updated.
#  Successfully updated.
# variable set hash-table stats:
# Load=0/32=0%, Rehash=0, Collisions=0/0=0%

# Not a target:
Core/Src/stm32f1xx_it.c:
#  Implicit rule search has been done.
#  Last modified 2022-10-27 21:09:23
#  File has been updated.
#  Successfully updated.
# variable set hash-table stats:
# Load=0/32=0%, Rehash=0, Collisions=0/0=0%

# Not a target:
Core/Src/main.cpp:
#  Implicit rule search has been done.
#  Last modified 2022-10-27 22:00:41
#  File has been updated.
#  Successfully updated.
# variable set hash-table stats:
# Load=0/32=0%, Rehash=0, Collisions=0/0=0%

 
build/list.o: Middlewares/Third_Party/FreeRTOS/Source/list.c Makefile Middlewares/Third_Party/FreeRTOS/Source/list.c Middlewares/Third_Party/FreeRTOS/Source/include/FreeRTOS.h Core/Inc/FreeRTOSConfig.h Middlewares/Third_Party/FreeRTOS/Source/include/projdefs.h Middlewares/Third_Party/FreeRTOS/Source/include/portable.h Middlewares/Third_Party/FreeRTOS/Source/include/deprecated_definitions.h Middlewares/Third_Party/FreeRTOS/Source/portable/GCC/ARM_CM3/portmacro.h Middlewares/Third_Party/FreeRTOS/Source/include/mpu_wrappers.h Middlewares/Third_Party/FreeRTOS/Source/include/list.h | build
#  Implicit rule search has been done.
#  Implicit/static pattern stem: `list'
#  Last modified 2022-10-28 12:47:26
#  File has been updated.
#  Successfully updated.
# variable set hash-table stats:
# Load=0/32=0%, Rehash=0, Collisions=0/0=0%
#  commands to execute (from `Makefile', line 198):
	$(CC) -c $(CFLAGS) -Wa,-a,-ad,-alms=$(BUILD_DIR)/$(notdir $(<:.c=.lst)) $< -o $@
	

# Not a target:
build/event_groups.d:
#  A default, MAKEFILES, or -include/sinclude makefile.
#  Implicit rule search has been done.
#  Last modified 2022-10-28 12:47:26
#  File has been updated.
#  Successfully updated.
# variable set hash-table stats:
# Load=0/32=0%, Rehash=0, Collisions=0/0=0%

# Not a target:
build/stm32f1xx_it.d:
#  A default, MAKEFILES, or -include/sinclude makefile.
#  Implicit rule search has been done.
#  Last modified 2022-10-28 12:47:18
#  File has been updated.
#  Successfully updated.
# variable set hash-table stats:
# Load=0/32=0%, Rehash=0, Collisions=0/0=0%

# files hash-table stats:
# Load=162/1024=16%, Rehash=0, Collisions=152/2013=8%
# VPATH Search Paths

vpath %.c Core/Src:Drivers/STM32F1xx_HAL_Driver/Src:Middlewares/Third_Party/FreeRTOS/Source:Middlewares/Third_Party/FreeRTOS/Source/CMSIS_RTOS_V2:Middlewares/Third_Party/FreeRTOS/Source/portable/GCC/ARM_CM3:Middlewares/Third_Party/FreeRTOS/Source/portable/MemMang
vpath %.cpp Core/Src:Core/Src/Rtos:Core/Src/Task

# 2 `vpath' search paths.

# No general (`VPATH' variable) search path.

# # of strings in strcache: 31
# # of strcache buffers: 1
# strcache size: total = 4096 / max = 4096 / min = 4096 / avg = 4096
# strcache free: total = 3404 / max = 3404 / min = 3404 / avg = 3404

# Finished Make data base on Fri Oct 28 13:06:34 2022

 
